This is pdfTeX, Version 3.14159265-2.6-1.40.21 (TeX Live 2020/Arch Linux) (preloaded format=pdflatex 2021.3.13)  29 MAR 2021 22:44
entering extended mode
 \write18 enabled.
 file:line:error style messages enabled.
 %&-line parsing enabled.
**document.tex

(/run/media/slabejmilan/HDD/programming/MP_NETIO_BUTTON/Dokumentace/document.te
x
LaTeX2e <2020-10-01> patch level 2
L3 programming layer <2020-12-03> xparse <2020-03-03>
(/usr/share/texmf-dist/tex/latex/base/report.cls
Document Class: report 2020/04/10 v1.4m Standard LaTeX document class
(/usr/share/texmf-dist/tex/latex/base/size12.clo
File: size12.clo 2020/04/10 v1.4m Standard LaTeX file (size option)
)
\c@part=\count177
\c@chapter=\count178
\c@section=\count179
\c@subsection=\count180
\c@subsubsection=\count181
\c@paragraph=\count182
\c@subparagraph=\count183
\c@figure=\count184
\c@table=\count185
\abovecaptionskip=\skip47
\belowcaptionskip=\skip48
\bibindent=\dimen138
)
(/run/media/slabejmilan/HDD/programming/MP_NETIO_BUTTON/Dokumentace/monapack.st
y
Package: monapack 
 (/usr/share/texmf-dist/tex/latex/sectsty/sectsty.sty
Package: sectsty 2002/02/25 v2.0.2 Commands to change all sectional heading sty
les


LaTeX Warning: Command \underbar  has changed.
               Check if current package is valid.


LaTeX Warning: Command \underline  has changed.
               Check if current package is valid.

) (/usr/share/texmf-dist/tex/generic/babel/babel.sty
Package: babel 2020/10/27 3.51 The Babel package

(/usr/share/texmf-dist/tex/generic/babel/babel.def
File: babel.def 2020/10/27 3.51 Babel common definitions
\babel@savecnt=\count186
\U@D=\dimen139
\l@babelnohyphens=\language86

(/usr/share/texmf-dist/tex/generic/babel/txtbabel.def)
\bbl@readstream=\read2
)
\bbl@dirlevel=\count187

(/usr/share/texmf-dist/tex/generic/babel-czech/czech.ldf
Language: czech 2008/07/06 v3.1a Czech support from the babel system
Package babel Info: Making " an active character on input line 172.
\cs@wordlen=\count188
Package babel Info: Making - an active character on input line 226.
))
(/usr/share/texmf-dist/tex/latex/base/inputenc.sty
Package: inputenc 2020/08/01 v1.3d Input encoding file
\inpenc@prehook=\toks15
\inpenc@posthook=\toks16
)
(/usr/share/texmf-dist/tex/latex/graphics/graphicx.sty
Package: graphicx 2020/09/09 v1.2b Enhanced LaTeX Graphics (DPC,SPQR)

(/usr/share/texmf-dist/tex/latex/graphics/keyval.sty
Package: keyval 2014/10/28 v1.15 key=value parser (DPC)
\KV@toks@=\toks17
)
(/usr/share/texmf-dist/tex/latex/graphics/graphics.sty
Package: graphics 2020/08/30 v1.4c Standard LaTeX Graphics (DPC,SPQR)

(/usr/share/texmf-dist/tex/latex/graphics/trig.sty
Package: trig 2016/01/03 v1.10 sin cos tan (DPC)
)
(/usr/share/texmf-dist/tex/latex/graphics-cfg/graphics.cfg
File: graphics.cfg 2016/06/04 v1.11 sample graphics configuration
)
Package graphics Info: Driver file: pdftex.def on input line 105.

(/usr/share/texmf-dist/tex/latex/graphics-def/pdftex.def
File: pdftex.def 2020/10/05 v1.2a Graphics/color driver for pdftex
))
\Gin@req@height=\dimen140
\Gin@req@width=\dimen141
)
(/usr/share/texmf-dist/tex/latex/forest/forest.sty
Package: forest 2017/07/14 v2.1.5 Drawing (linguistic) trees

(/usr/share/texmf-dist/tex/latex/pgf/frontendlayer/tikz.sty
(/usr/share/texmf-dist/tex/latex/pgf/basiclayer/pgf.sty
(/usr/share/texmf-dist/tex/latex/pgf/utilities/pgfrcs.sty
(/usr/share/texmf-dist/tex/generic/pgf/utilities/pgfutil-common.tex
\pgfutil@everybye=\toks18
\pgfutil@tempdima=\dimen142
\pgfutil@tempdimb=\dimen143

(/usr/share/texmf-dist/tex/generic/pgf/utilities/pgfutil-common-lists.tex))
(/usr/share/texmf-dist/tex/generic/pgf/utilities/pgfutil-latex.def
\pgfutil@abb=\box47
)
(/usr/share/texmf-dist/tex/generic/pgf/utilities/pgfrcs.code.tex
(/usr/share/texmf-dist/tex/generic/pgf/pgf.revision.tex)
Package: pgfrcs 2020/12/01 v3.1.7a (3.1.7a)
))
Package: pgf 2020/12/01 v3.1.7a (3.1.7a)

(/usr/share/texmf-dist/tex/latex/pgf/basiclayer/pgfcore.sty
(/usr/share/texmf-dist/tex/latex/pgf/systemlayer/pgfsys.sty
(/usr/share/texmf-dist/tex/generic/pgf/systemlayer/pgfsys.code.tex
Package: pgfsys 2020/12/01 v3.1.7a (3.1.7a)

(/usr/share/texmf-dist/tex/generic/pgf/utilities/pgfkeys.code.tex
\pgfkeys@pathtoks=\toks19
\pgfkeys@temptoks=\toks20

(/usr/share/texmf-dist/tex/generic/pgf/utilities/pgfkeysfiltered.code.tex
\pgfkeys@tmptoks=\toks21
))
\pgf@x=\dimen144
\pgf@y=\dimen145
\pgf@xa=\dimen146
\pgf@ya=\dimen147
\pgf@xb=\dimen148
\pgf@yb=\dimen149
\pgf@xc=\dimen150
\pgf@yc=\dimen151
\pgf@xd=\dimen152
\pgf@yd=\dimen153
\w@pgf@writea=\write3
\r@pgf@reada=\read3
\c@pgf@counta=\count189
\c@pgf@countb=\count190
\c@pgf@countc=\count191
\c@pgf@countd=\count192
\t@pgf@toka=\toks22
\t@pgf@tokb=\toks23
\t@pgf@tokc=\toks24
\pgf@sys@id@count=\count193

(/usr/share/texmf-dist/tex/generic/pgf/systemlayer/pgf.cfg
File: pgf.cfg 2020/12/01 v3.1.7a (3.1.7a)
)
Driver file for pgf: pgfsys-pdftex.def

(/usr/share/texmf-dist/tex/generic/pgf/systemlayer/pgfsys-pdftex.def
File: pgfsys-pdftex.def 2020/12/01 v3.1.7a (3.1.7a)

(/usr/share/texmf-dist/tex/generic/pgf/systemlayer/pgfsys-common-pdf.def
File: pgfsys-common-pdf.def 2020/12/01 v3.1.7a (3.1.7a)
)))
(/usr/share/texmf-dist/tex/generic/pgf/systemlayer/pgfsyssoftpath.code.tex
File: pgfsyssoftpath.code.tex 2020/12/01 v3.1.7a (3.1.7a)
\pgfsyssoftpath@smallbuffer@items=\count194
\pgfsyssoftpath@bigbuffer@items=\count195
)
(/usr/share/texmf-dist/tex/generic/pgf/systemlayer/pgfsysprotocol.code.tex
File: pgfsysprotocol.code.tex 2020/12/01 v3.1.7a (3.1.7a)
))
(/usr/share/texmf-dist/tex/latex/xcolor/xcolor.sty
Package: xcolor 2016/05/11 v2.12 LaTeX color extensions (UK)

(/usr/share/texmf-dist/tex/latex/graphics-cfg/color.cfg
File: color.cfg 2016/01/02 v1.6 sample color configuration
)
Package xcolor Info: Driver file: pdftex.def on input line 225.
Package xcolor Info: Model `cmy' substituted by `cmy0' on input line 1348.
Package xcolor Info: Model `hsb' substituted by `rgb' on input line 1352.
Package xcolor Info: Model `RGB' extended on input line 1364.
Package xcolor Info: Model `HTML' substituted by `rgb' on input line 1366.
Package xcolor Info: Model `Hsb' substituted by `hsb' on input line 1367.
Package xcolor Info: Model `tHsb' substituted by `hsb' on input line 1368.
Package xcolor Info: Model `HSB' substituted by `hsb' on input line 1369.
Package xcolor Info: Model `Gray' substituted by `gray' on input line 1370.
Package xcolor Info: Model `wave' substituted by `hsb' on input line 1371.
)
(/usr/share/texmf-dist/tex/generic/pgf/basiclayer/pgfcore.code.tex
Package: pgfcore 2020/12/01 v3.1.7a (3.1.7a)

(/usr/share/texmf-dist/tex/generic/pgf/math/pgfmath.code.tex
(/usr/share/texmf-dist/tex/generic/pgf/math/pgfmathcalc.code.tex
(/usr/share/texmf-dist/tex/generic/pgf/math/pgfmathutil.code.tex)
(/usr/share/texmf-dist/tex/generic/pgf/math/pgfmathparser.code.tex
\pgfmath@dimen=\dimen154
\pgfmath@count=\count196
\pgfmath@box=\box48
\pgfmath@toks=\toks25
\pgfmath@stack@operand=\toks26
\pgfmath@stack@operation=\toks27
)
(/usr/share/texmf-dist/tex/generic/pgf/math/pgfmathfunctions.code.tex
(/usr/share/texmf-dist/tex/generic/pgf/math/pgfmathfunctions.basic.code.tex)
(/usr/share/texmf-dist/tex/generic/pgf/math/pgfmathfunctions.trigonometric.code
.tex)
(/usr/share/texmf-dist/tex/generic/pgf/math/pgfmathfunctions.random.code.tex)
(/usr/share/texmf-dist/tex/generic/pgf/math/pgfmathfunctions.comparison.code.te
x) (/usr/share/texmf-dist/tex/generic/pgf/math/pgfmathfunctions.base.code.tex)
(/usr/share/texmf-dist/tex/generic/pgf/math/pgfmathfunctions.round.code.tex)
(/usr/share/texmf-dist/tex/generic/pgf/math/pgfmathfunctions.misc.code.tex)
(/usr/share/texmf-dist/tex/generic/pgf/math/pgfmathfunctions.integerarithmetics
.code.tex))) (/usr/share/texmf-dist/tex/generic/pgf/math/pgfmathfloat.code.tex
\c@pgfmathroundto@lastzeros=\count197
)) (/usr/share/texmf-dist/tex/generic/pgf/math/pgfint.code.tex)
(/usr/share/texmf-dist/tex/generic/pgf/basiclayer/pgfcorepoints.code.tex
File: pgfcorepoints.code.tex 2020/12/01 v3.1.7a (3.1.7a)
\pgf@picminx=\dimen155
\pgf@picmaxx=\dimen156
\pgf@picminy=\dimen157
\pgf@picmaxy=\dimen158
\pgf@pathminx=\dimen159
\pgf@pathmaxx=\dimen160
\pgf@pathminy=\dimen161
\pgf@pathmaxy=\dimen162
\pgf@xx=\dimen163
\pgf@xy=\dimen164
\pgf@yx=\dimen165
\pgf@yy=\dimen166
\pgf@zx=\dimen167
\pgf@zy=\dimen168
)
(/usr/share/texmf-dist/tex/generic/pgf/basiclayer/pgfcorepathconstruct.code.tex
File: pgfcorepathconstruct.code.tex 2020/12/01 v3.1.7a (3.1.7a)
\pgf@path@lastx=\dimen169
\pgf@path@lasty=\dimen170
) (/usr/share/texmf-dist/tex/generic/pgf/basiclayer/pgfcorepathusage.code.tex
File: pgfcorepathusage.code.tex 2020/12/01 v3.1.7a (3.1.7a)
\pgf@shorten@end@additional=\dimen171
\pgf@shorten@start@additional=\dimen172
)
(/usr/share/texmf-dist/tex/generic/pgf/basiclayer/pgfcorescopes.code.tex
File: pgfcorescopes.code.tex 2020/12/01 v3.1.7a (3.1.7a)
\pgfpic=\box49
\pgf@hbox=\box50
\pgf@layerbox@main=\box51
\pgf@picture@serial@count=\count198
)
(/usr/share/texmf-dist/tex/generic/pgf/basiclayer/pgfcoregraphicstate.code.tex
File: pgfcoregraphicstate.code.tex 2020/12/01 v3.1.7a (3.1.7a)
\pgflinewidth=\dimen173
)
(/usr/share/texmf-dist/tex/generic/pgf/basiclayer/pgfcoretransformations.code.t
ex
File: pgfcoretransformations.code.tex 2020/12/01 v3.1.7a (3.1.7a)
\pgf@pt@x=\dimen174
\pgf@pt@y=\dimen175
\pgf@pt@temp=\dimen176
) (/usr/share/texmf-dist/tex/generic/pgf/basiclayer/pgfcorequick.code.tex
File: pgfcorequick.code.tex 2020/12/01 v3.1.7a (3.1.7a)
)
(/usr/share/texmf-dist/tex/generic/pgf/basiclayer/pgfcoreobjects.code.tex
File: pgfcoreobjects.code.tex 2020/12/01 v3.1.7a (3.1.7a)
)
(/usr/share/texmf-dist/tex/generic/pgf/basiclayer/pgfcorepathprocessing.code.te
x
File: pgfcorepathprocessing.code.tex 2020/12/01 v3.1.7a (3.1.7a)
) (/usr/share/texmf-dist/tex/generic/pgf/basiclayer/pgfcorearrows.code.tex
File: pgfcorearrows.code.tex 2020/12/01 v3.1.7a (3.1.7a)
\pgfarrowsep=\dimen177
)
(/usr/share/texmf-dist/tex/generic/pgf/basiclayer/pgfcoreshade.code.tex
File: pgfcoreshade.code.tex 2020/12/01 v3.1.7a (3.1.7a)
\pgf@max=\dimen178
\pgf@sys@shading@range@num=\count199
\pgf@shadingcount=\count266
)
(/usr/share/texmf-dist/tex/generic/pgf/basiclayer/pgfcoreimage.code.tex
File: pgfcoreimage.code.tex 2020/12/01 v3.1.7a (3.1.7a)

(/usr/share/texmf-dist/tex/generic/pgf/basiclayer/pgfcoreexternal.code.tex
File: pgfcoreexternal.code.tex 2020/12/01 v3.1.7a (3.1.7a)
\pgfexternal@startupbox=\box52
))
(/usr/share/texmf-dist/tex/generic/pgf/basiclayer/pgfcorelayers.code.tex
File: pgfcorelayers.code.tex 2020/12/01 v3.1.7a (3.1.7a)
)
(/usr/share/texmf-dist/tex/generic/pgf/basiclayer/pgfcoretransparency.code.tex
File: pgfcoretransparency.code.tex 2020/12/01 v3.1.7a (3.1.7a)
) (/usr/share/texmf-dist/tex/generic/pgf/basiclayer/pgfcorepatterns.code.tex
File: pgfcorepatterns.code.tex 2020/12/01 v3.1.7a (3.1.7a)
)
(/usr/share/texmf-dist/tex/generic/pgf/basiclayer/pgfcorerdf.code.tex
File: pgfcorerdf.code.tex 2020/12/01 v3.1.7a (3.1.7a)
)))
(/usr/share/texmf-dist/tex/generic/pgf/modules/pgfmoduleshapes.code.tex
File: pgfmoduleshapes.code.tex 2020/12/01 v3.1.7a (3.1.7a)
\pgfnodeparttextbox=\box53
)
(/usr/share/texmf-dist/tex/generic/pgf/modules/pgfmoduleplot.code.tex
File: pgfmoduleplot.code.tex 2020/12/01 v3.1.7a (3.1.7a)
)
(/usr/share/texmf-dist/tex/latex/pgf/compatibility/pgfcomp-version-0-65.sty
Package: pgfcomp-version-0-65 2020/12/01 v3.1.7a (3.1.7a)
\pgf@nodesepstart=\dimen179
\pgf@nodesepend=\dimen180
)
(/usr/share/texmf-dist/tex/latex/pgf/compatibility/pgfcomp-version-1-18.sty
Package: pgfcomp-version-1-18 2020/12/01 v3.1.7a (3.1.7a)
))
(/usr/share/texmf-dist/tex/latex/pgf/utilities/pgffor.sty
(/usr/share/texmf-dist/tex/latex/pgf/utilities/pgfkeys.sty
(/usr/share/texmf-dist/tex/generic/pgf/utilities/pgfkeys.code.tex))
(/usr/share/texmf-dist/tex/latex/pgf/math/pgfmath.sty
(/usr/share/texmf-dist/tex/generic/pgf/math/pgfmath.code.tex))
(/usr/share/texmf-dist/tex/generic/pgf/utilities/pgffor.code.tex
Package: pgffor 2020/12/01 v3.1.7a (3.1.7a)

(/usr/share/texmf-dist/tex/generic/pgf/math/pgfmath.code.tex)
\pgffor@iter=\dimen181
\pgffor@skip=\dimen182
\pgffor@stack=\toks28
\pgffor@toks=\toks29
))
(/usr/share/texmf-dist/tex/generic/pgf/frontendlayer/tikz/tikz.code.tex
Package: tikz 2020/12/01 v3.1.7a (3.1.7a)

(/usr/share/texmf-dist/tex/generic/pgf/libraries/pgflibraryplothandlers.code.te
x
File: pgflibraryplothandlers.code.tex 2020/12/01 v3.1.7a (3.1.7a)
\pgf@plot@mark@count=\count267
\pgfplotmarksize=\dimen183
)
\tikz@lastx=\dimen184
\tikz@lasty=\dimen185
\tikz@lastxsaved=\dimen186
\tikz@lastysaved=\dimen187
\tikz@lastmovetox=\dimen188
\tikz@lastmovetoy=\dimen189
\tikzleveldistance=\dimen190
\tikzsiblingdistance=\dimen191
\tikz@figbox=\box54
\tikz@figbox@bg=\box55
\tikz@tempbox=\box56
\tikz@tempbox@bg=\box57
\tikztreelevel=\count268
\tikznumberofchildren=\count269
\tikznumberofcurrentchild=\count270
\tikz@fig@count=\count271
 (/usr/share/texmf-dist/tex/generic/pgf/modules/pgfmodulematrix.code.tex
File: pgfmodulematrix.code.tex 2020/12/01 v3.1.7a (3.1.7a)
\pgfmatrixcurrentrow=\count272
\pgfmatrixcurrentcolumn=\count273
\pgf@matrix@numberofcolumns=\count274
)
\tikz@expandcount=\count275

(/usr/share/texmf-dist/tex/generic/pgf/frontendlayer/tikz/libraries/tikzlibrary
topaths.code.tex
File: tikzlibrarytopaths.code.tex 2020/12/01 v3.1.7a (3.1.7a)
)))
(/usr/share/texmf-dist/tex/generic/pgf/frontendlayer/tikz/libraries/tikzlibrary
shapes.code.tex
File: tikzlibraryshapes.code.tex 2020/12/01 v3.1.7a (3.1.7a)

(/usr/share/texmf-dist/tex/generic/pgf/frontendlayer/tikz/libraries/tikzlibrary
shapes.geometric.code.tex
File: tikzlibraryshapes.geometric.code.tex 2020/12/01 v3.1.7a (3.1.7a)

(/usr/share/texmf-dist/tex/generic/pgf/libraries/shapes/pgflibraryshapes.geomet
ric.code.tex
File: pgflibraryshapes.geometric.code.tex 2020/12/01 v3.1.7a (3.1.7a)
))
(/usr/share/texmf-dist/tex/generic/pgf/frontendlayer/tikz/libraries/tikzlibrary
shapes.misc.code.tex
File: tikzlibraryshapes.misc.code.tex 2020/12/01 v3.1.7a (3.1.7a)

(/usr/share/texmf-dist/tex/generic/pgf/libraries/shapes/pgflibraryshapes.misc.c
ode.tex
File: pgflibraryshapes.misc.code.tex 2020/12/01 v3.1.7a (3.1.7a)
))
(/usr/share/texmf-dist/tex/generic/pgf/frontendlayer/tikz/libraries/tikzlibrary
shapes.symbols.code.tex
File: tikzlibraryshapes.symbols.code.tex 2020/12/01 v3.1.7a (3.1.7a)

(/usr/share/texmf-dist/tex/generic/pgf/libraries/shapes/pgflibraryshapes.symbol
s.code.tex
File: pgflibraryshapes.symbols.code.tex 2020/12/01 v3.1.7a (3.1.7a)
))
(/usr/share/texmf-dist/tex/generic/pgf/frontendlayer/tikz/libraries/tikzlibrary
shapes.arrows.code.tex
File: tikzlibraryshapes.arrows.code.tex 2020/12/01 v3.1.7a (3.1.7a)

(/usr/share/texmf-dist/tex/generic/pgf/libraries/shapes/pgflibraryshapes.arrows
.code.tex
File: pgflibraryshapes.arrows.code.tex 2020/12/01 v3.1.7a (3.1.7a)
))
(/usr/share/texmf-dist/tex/generic/pgf/frontendlayer/tikz/libraries/tikzlibrary
shapes.callouts.code.tex
(/usr/share/texmf-dist/tex/generic/pgf/libraries/shapes/pgflibraryshapes.callou
ts.code.tex))
(/usr/share/texmf-dist/tex/generic/pgf/frontendlayer/tikz/libraries/tikzlibrary
shapes.multipart.code.tex
File: tikzlibraryshapes.multipart.code.tex 2020/12/01 v3.1.7a (3.1.7a)

(/usr/share/texmf-dist/tex/generic/pgf/libraries/shapes/pgflibraryshapes.multip
art.code.tex
File: pgflibraryshapes.multipart.code.tex 2020/12/01 v3.1.7a (3.1.7a)
\pgfnodepartlowerbox=\box58
\pgfnodeparttwobox=\box59
\pgfnodepartthreebox=\box60
\pgfnodepartfourbox=\box61
\pgfnodeparttwentybox=\box62
\pgfnodepartnineteenbox=\box63
\pgfnodeparteighteenbox=\box64
\pgfnodepartseventeenbox=\box65
\pgfnodepartsixteenbox=\box66
\pgfnodepartfifteenbox=\box67
\pgfnodepartfourteenbox=\box68
\pgfnodepartthirteenbox=\box69
\pgfnodeparttwelvebox=\box70
\pgfnodepartelevenbox=\box71
\pgfnodeparttenbox=\box72
\pgfnodepartninebox=\box73
\pgfnodeparteightbox=\box74
\pgfnodepartsevenbox=\box75
\pgfnodepartsixbox=\box76
\pgfnodepartfivebox=\box77
)))
(/usr/share/texmf-dist/tex/generic/pgf/frontendlayer/tikz/libraries/tikzlibrary
fit.code.tex
File: tikzlibraryfit.code.tex 2020/12/01 v3.1.7a (3.1.7a)
)
(/usr/share/texmf-dist/tex/generic/pgf/frontendlayer/tikz/libraries/tikzlibrary
calc.code.tex
File: tikzlibrarycalc.code.tex 2020/12/01 v3.1.7a (3.1.7a)
)
(/usr/share/texmf-dist/tex/generic/pgf/libraries/pgflibraryintersections.code.t
ex (/usr/share/texmf-dist/tex/generic/pgf/libraries/pgflibraryfpu.code.tex)
\pgf@intersect@solutions=\count276
)
(/usr/share/texmf-dist/tex/latex/pgfopts/pgfopts.sty
Package: pgfopts 2014/07/10 v2.1a LaTeX package options with pgfkeys
\pgfopts@list@add@a@toks=\toks30
\pgfopts@list@add@b@toks=\toks31
)
(/usr/share/texmf-dist/tex/latex/etoolbox/etoolbox.sty
Package: etoolbox 2020/10/05 v2.5k e-TeX tools for LaTeX (JAW)
\etb@tempcnta=\count277
)
(/usr/share/texmf-dist/tex/latex/elocalloc/elocalloc.sty
Package: elocalloc 2016/12/15 v0.03 local allocation for LaTeX 2015+ (DPC)
)
(/usr/share/texmf-dist/tex/latex/environ/environ.sty
Package: environ 2014/05/04 v0.3 A new way to define environments

(/usr/share/texmf-dist/tex/latex/trimspaces/trimspaces.sty
Package: trimspaces 2009/09/17 v1.1 Trim spaces around a token list
)
\@envbody=\toks32
)
(/usr/share/texmf-dist/tex/latex/l3packages/xparse/xparse.sty
(/usr/share/texmf-dist/tex/latex/l3kernel/expl3.sty
Package: expl3 2020-12-03 L3 programming layer (loader) 

(/usr/share/texmf-dist/tex/latex/l3backend/l3backend-pdftex.def
File: l3backend-pdftex.def 2020-09-24 L3 backend support: PDF output (pdfTeX)
\l__kernel_color_stack_int=\count278
\l__pdf_internal_box=\box78
))
Package: xparse 2020-10-27 L3 Experimental document command parser

(/usr/share/texmf-dist/tex/latex/l3packages/xparse/xparse-generic.tex))
(/usr/share/texmf-dist/tex/latex/inlinedef/inlinedef.sty
Package: inlinedef 2008/07/10 v1.0 Inlined expansions within definitions
\ID@toks=\toks33
\ID@count=\count279
)
\ID@usercommands=\toks34
\safeloop@depth=\count280
\safeRKloop@depth=\count281
\forest@temp@dimen=\dimen192
\forest@temp@count=\count282
\forest@n=\count283
\forest@temp@global@count=\count284
\forest@temp@toks=\toks35
\forest@temparray@M=\count285
\forest@temparray@N=\count286
\forest@global@temparray@M=\count287
\forest@global@temparray@N=\count288
\forest@isnum@count=\count289
\forest@isdim@nonintpart=\count290
\forest@isdim@dimen=\dimen193
\forest@sort@m=\count291
\forest@sort@k=\count292
\forest@sort@p=\count293
\bracket@content=\toks36
\bracket@afterthought=\toks37
\forest@node@maxid=\count294
\forest@process@left@M=\count295
\forest@process@left@N=\count296
\forest@process@right@M=\count297
\forest@process@right@N=\count298
\forest@process@saved@M=\count299
\forest@process@saved@N=\count300
\forest@process@result@M=\count301
\forest@process@result@N=\count302
\forest@process@n=\count303
\forest@nodewalk@branch@toks=\toks38
\forest@nodewalk@shortsteps@resolution=\toks39
\forest@do@dynamics=\toks40
\forest@box=\box79
\forest@xg=\dimen194
\forest@yg=\dimen195
\forest@xs=\dimen196
\forest@ys=\dimen197
\forest@pi@toks=\toks41
\forest@segment@toks=\toks42
\forest@PIi@toks=\toks43
\forest@PIii@toks=\toks44
\forest@copy@in=\read4
\forest@copy@out=\write4
\forest@externalize@max@outer@n=\count304
\forest@externalize@inner@n=\count305
)
(/usr/share/texmf-dist/tex/latex/base/fontenc.sty
Package: fontenc 2020/08/10 v2.0s Standard LaTeX package
)
(/usr/share/texmf-dist/tex/latex/geometry/geometry.sty
Package: geometry 2020/01/02 v5.9 Page Geometry

(/usr/share/texmf-dist/tex/generic/iftex/ifvtex.sty
Package: ifvtex 2019/10/25 v1.7 ifvtex legacy package. Use iftex instead.

(/usr/share/texmf-dist/tex/generic/iftex/iftex.sty
Package: iftex 2020/03/06 v1.0d TeX engine tests
))
\Gm@cnth=\count306
\Gm@cntv=\count307
\c@Gm@tempcnt=\count308
\Gm@bindingoffset=\dimen198
\Gm@wd@mp=\dimen199
\Gm@odd@mp=\dimen256
\Gm@even@mp=\dimen257
\Gm@layoutwidth=\dimen258
\Gm@layoutheight=\dimen259
\Gm@layouthoffset=\dimen260
\Gm@layoutvoffset=\dimen261
\Gm@dimlist=\toks45
)
(/usr/share/texmf-dist/tex/latex/titlesec/titlesec.sty
Package: titlesec 2019/10/16 v2.13 Sectioning titles
\ttl@box=\box80
\beforetitleunit=\skip49
\aftertitleunit=\skip50
\ttl@plus=\dimen262
\ttl@minus=\dimen263
\ttl@toksa=\toks46
\titlewidth=\dimen264
\titlewidthlast=\dimen265
\titlewidthfirst=\dimen266
)
(/usr/share/texmf-dist/tex/latex/datetime/datetime.sty
Package: datetime 2015/03/20 v2.60 Date Time Package

(/usr/share/texmf-dist/tex/latex/fmtcount/fmtcount.sty
Package: fmtcount 2020/01/30 v3.07

(/usr/share/texmf-dist/tex/latex/base/ifthen.sty
Package: ifthen 2014/09/29 v1.1c Standard LaTeX ifthen package (DPC)
)
(/usr/share/texmf-dist/tex/latex/xkeyval/xkeyval.sty
Package: xkeyval 2020/11/20 v2.8 package option processing (HA)

(/usr/share/texmf-dist/tex/generic/xkeyval/xkeyval.tex
(/usr/share/texmf-dist/tex/generic/xkeyval/xkvutils.tex
\XKV@toks=\toks47
\XKV@tempa@toks=\toks48
)
\XKV@depth=\count309
File: xkeyval.tex 2014/12/03 v2.7a key=value parser (HA)
))
(/usr/share/texmf-dist/tex/latex/fmtcount/fcprefix.sty
Package: fcprefix 2012/09/28

(/usr/share/texmf-dist/tex/latex/fmtcount/fcnumparser.sty
Package: fcnumparser 2017/06/15
\fc@digit@counter=\count310
))
(/usr/share/texmf-dist/tex/latex/amsmath/amsgen.sty
File: amsgen.sty 1999/11/30 v2.0 generic functions
\@emptytoks=\toks49
\ex@=\dimen267
)
\c@padzeroesN=\count311
\fc@tmpcatcode=\count312
\@DT@modctr=\count313
\@ordinalctr=\count314
\@orgargctr=\count315
\@strctr=\count316
\@tmpstrctr=\count317
\@DT@loopN=\count318
\@DT@X=\count319
)
(/usr/share/texmf-dist/tex/latex/datetime/datetime-defaults.sty
Package: datetime-defaults 2013/09/10
)
\@day=\count320
\@month=\count321
\@year=\count322
\c@HOUR=\count323
\c@HOURXII=\count324
\c@MINUTE=\count325
\c@TOHOUR=\count326
\c@TOMINUTE=\count327
\c@SECOND=\count328
\currenthour=\count329
\currentminute=\count330
\currentsecond=\count331
Package datetime Info: No datetime.cfg file found, using default settings on in
put line 308.
\@dtctr=\count332
\dayofyear=\count333
\dayofweek=\count334
LaTeX Info: Redefining \today on input line 736.

(/usr/share/texmf-dist/tex/latex/datetime/dt-czech.def
File: dt-czech.def 2013/09/10
LaTeX Info: Redefining \dateczech on input line 86.
)
\dt@a=\toks50
\dt@b=\toks51
)
(/usr/share/texmf-dist/tex/latex/booktabs/booktabs.sty
Package: booktabs 2020/01/12 v1.61803398 Publication quality tables
\heavyrulewidth=\dimen268
\lightrulewidth=\dimen269
\cmidrulewidth=\dimen270
\belowrulesep=\dimen271
\belowbottomsep=\dimen272
\aboverulesep=\dimen273
\abovetopsep=\dimen274
\cmidrulesep=\dimen275
\cmidrulekern=\dimen276
\defaultaddspace=\dimen277
\@cmidla=\count335
\@cmidlb=\count336
\@aboverulesep=\dimen278
\@belowrulesep=\dimen279
\@thisruleclass=\count337
\@lastruleclass=\count338
\@thisrulewidth=\dimen280
))
(/usr/share/texmf-dist/tex/latex/siunitx/siunitx.sty
Package: siunitx 2020/02/25 v2.8b A comprehensive (SI) units package

(/usr/share/texmf-dist/tex/latex/amsmath/amstext.sty
Package: amstext 2000/06/29 v2.01 AMS text
LaTeX Info: Redefining \text on input line 28.
)
(/usr/share/texmf-dist/tex/latex/tools/array.sty
Package: array 2020/10/01 v2.5c Tabular extension package (FMi)
\col@sep=\dimen281
\ar@mcellbox=\box81
\extrarowheight=\dimen282
\NC@list=\toks52
\extratabsurround=\skip51
\backup@length=\skip52
\ar@cellbox=\box82
)
(/usr/share/texmf-dist/tex/latex/l3packages/l3keys2e/l3keys2e.sty
Package: l3keys2e 2020-10-27 LaTeX2e option processing using LaTeX3 keys
)
\l__siunitx_tmp_box=\box83
\l__siunitx_tmp_dim=\dimen283
\l__siunitx_tmp_int=\count339
\l__siunitx_number_mantissa_length_int=\count340
\l__siunitx_number_uncert_length_int=\count341
\l__siunitx_round_int=\count342
\l__siunitx_process_decimal_int=\count343
\l__siunitx_process_uncertainty_int=\count344
\l__siunitx_process_fixed_int=\count345
\l__siunitx_process_integer_min_int=\count346
\l__siunitx_process_precision_int=\count347
\l__siunitx_group_min_int=\count348
\l__siunitx_angle_marker_box=\box84
\l__siunitx_angle_unit_box=\box85
\l__siunitx_angle_marker_dim=\dimen284
\l__siunitx_angle_unit_dim=\dimen285
\l__siunitx_unit_int=\count349
\l__siunitx_unit_denominator_int=\count350
\l__siunitx_unit_numerator_int=\count351
\l__siunitx_unit_prefix_int=\count352
\l__siunitx_unit_prefix_base_int=\count353
\l__siunitx_unit_prefix_gram_int=\count354
\l__siunitx_number_product_int=\count355
\c__siunitx_one_fill_skip=\skip53
\l__siunitx_table_unit_align_skip=\skip54
\l__siunitx_table_exponent_dim=\dimen286
\l__siunitx_table_integer_dim=\dimen287
\l__siunitx_table_mantissa_dim=\dimen288
\l__siunitx_table_marker_dim=\dimen289
\l__siunitx_table_result_dim=\dimen290
\l__siunitx_table_uncert_dim=\dimen291
\l__siunitx_table_fill_pre_dim=\dimen292
\l__siunitx_table_fill_post_dim=\dimen293
\l__siunitx_table_fill_mid_dim=\dimen294
\l__siunitx_table_pre_box=\box86
\l__siunitx_table_post_box=\box87
\l__siunitx_table_mantissa_box=\box88
\l__siunitx_table_result_box=\box89
\l__siunitx_table_number_align_skip=\skip55
\l__siunitx_table_text_align_skip=\skip56

(/usr/share/texmf-dist/tex/latex/translator/translator.sty
Package: translator 2020-08-03 v1.12c Easy translation of strings in LaTeX
))
(/usr/share/texmf-dist/tex/latex/caption/caption.sty
Package: caption 2020/10/26 v3.5g Customizing captions (AR)

(/usr/share/texmf-dist/tex/latex/caption/caption3.sty
Package: caption3 2020/10/21 v2.2e caption3 kernel (AR)
\captionmargin=\dimen295
\captionmargin@=\dimen296
\captionwidth=\dimen297
\caption@tempdima=\dimen298
\caption@indent=\dimen299
\caption@parindent=\dimen300
\caption@hangindent=\dimen301
Package caption Info: Standard document class detected.
)
\c@caption@flags=\count356
\c@continuedfloat=\count357
)
(/usr/share/texmf-dist/tex/latex/listings/listings.sty
\lst@mode=\count358
\lst@gtempboxa=\box90
\lst@token=\toks53
\lst@length=\count359
\lst@currlwidth=\dimen302
\lst@column=\count360
\lst@pos=\count361
\lst@lostspace=\dimen303
\lst@width=\dimen304
\lst@newlines=\count362
\lst@lineno=\count363
\lst@maxwidth=\dimen305

(/usr/share/texmf-dist/tex/latex/listings/lstmisc.sty
File: lstmisc.sty 2020/03/24 1.8d (Carsten Heinz)
\c@lstnumber=\count364
\lst@skipnumbers=\count365
\lst@framebox=\box91
)
(/usr/share/texmf-dist/tex/latex/listings/listings.cfg
File: listings.cfg 2020/03/24 1.8d listings configuration
))
Package: listings 2020/03/24 1.8d (Carsten Heinz)

(/usr/share/texmf-dist/tex/latex/caption/subcaption.sty
Package: subcaption 2020/10/07 v1.3j Sub-captions (AR)
\c@subfigure=\count366
\c@subtable=\count367
)
(/usr/share/texmf-dist/tex/latex/hyperref/hyperref.sty
Package: hyperref 2020-05-15 v7.00e Hypertext links for LaTeX

(/usr/share/texmf-dist/tex/generic/ltxcmds/ltxcmds.sty
Package: ltxcmds 2020-05-10 v1.25 LaTeX kernel commands for general use (HO)
)
(/usr/share/texmf-dist/tex/generic/pdftexcmds/pdftexcmds.sty
Package: pdftexcmds 2020-06-27 v0.33 Utility functions of pdfTeX for LuaTeX (HO
)

(/usr/share/texmf-dist/tex/generic/infwarerr/infwarerr.sty
Package: infwarerr 2019/12/03 v1.5 Providing info/warning/error messages (HO)
)
Package pdftexcmds Info: \pdf@primitive is available.
Package pdftexcmds Info: \pdf@ifprimitive is available.
Package pdftexcmds Info: \pdfdraftmode found.
)
(/usr/share/texmf-dist/tex/generic/kvsetkeys/kvsetkeys.sty
Package: kvsetkeys 2019/12/15 v1.18 Key value parser (HO)
)
(/usr/share/texmf-dist/tex/generic/kvdefinekeys/kvdefinekeys.sty
Package: kvdefinekeys 2019-12-19 v1.6 Define keys (HO)
)
(/usr/share/texmf-dist/tex/generic/pdfescape/pdfescape.sty
Package: pdfescape 2019/12/09 v1.15 Implements pdfTeX's escape features (HO)
)
(/usr/share/texmf-dist/tex/latex/hycolor/hycolor.sty
Package: hycolor 2020-01-27 v1.10 Color options for hyperref/bookmark (HO)
)
(/usr/share/texmf-dist/tex/latex/letltxmacro/letltxmacro.sty
Package: letltxmacro 2019/12/03 v1.6 Let assignment for LaTeX macros (HO)
)
(/usr/share/texmf-dist/tex/latex/auxhook/auxhook.sty
Package: auxhook 2019-12-17 v1.6 Hooks for auxiliary files (HO)
)
(/usr/share/texmf-dist/tex/latex/kvoptions/kvoptions.sty
Package: kvoptions 2020-10-07 v3.14 Key value format for package options (HO)
)
\@linkdim=\dimen306
\Hy@linkcounter=\count368
\Hy@pagecounter=\count369

(/usr/share/texmf-dist/tex/latex/hyperref/pd1enc.def
File: pd1enc.def 2020-05-15 v7.00e Hyperref: PDFDocEncoding definition (HO)
Now handling font encoding PD1 ...
... no UTF-8 mapping file for font encoding PD1
)
(/usr/share/texmf-dist/tex/generic/intcalc/intcalc.sty
Package: intcalc 2019/12/15 v1.3 Expandable calculations with integers (HO)
)
(/usr/share/texmf-dist/tex/generic/etexcmds/etexcmds.sty
Package: etexcmds 2019/12/15 v1.7 Avoid name clashes with e-TeX commands (HO)
)
\Hy@SavedSpaceFactor=\count370
Package hyperref Info: Hyper figures OFF on input line 4464.
Package hyperref Info: Link nesting OFF on input line 4469.
Package hyperref Info: Hyper index ON on input line 4472.
Package hyperref Info: Plain pages OFF on input line 4479.
Package hyperref Info: Backreferencing OFF on input line 4484.
Package hyperref Info: Implicit mode ON; LaTeX internals redefined.
Package hyperref Info: Bookmarks ON on input line 4717.
\c@Hy@tempcnt=\count371

(/usr/share/texmf-dist/tex/latex/url/url.sty
\Urlmuskip=\muskip16
Package: url 2013/09/16  ver 3.4  Verb mode for urls, etc.
)
LaTeX Info: Redefining \url on input line 5076.
\XeTeXLinkMargin=\dimen307

(/usr/share/texmf-dist/tex/generic/bitset/bitset.sty
Package: bitset 2019/12/09 v1.3 Handle bit-vector datatype (HO)

(/usr/share/texmf-dist/tex/generic/bigintcalc/bigintcalc.sty
Package: bigintcalc 2019/12/15 v1.5 Expandable calculations on big integers (HO
)
))
\Fld@menulength=\count372
\Field@Width=\dimen308
\Fld@charsize=\dimen309
Package hyperref Info: Hyper figures OFF on input line 6347.
Package hyperref Info: Link nesting OFF on input line 6352.
Package hyperref Info: Hyper index ON on input line 6355.
Package hyperref Info: backreferencing OFF on input line 6362.
Package hyperref Info: Link coloring OFF on input line 6367.
Package hyperref Info: Link coloring with OCG OFF on input line 6372.
Package hyperref Info: PDF/A mode OFF on input line 6377.
LaTeX Info: Redefining \ref on input line 6417.
LaTeX Info: Redefining \pageref on input line 6421.

(/usr/share/texmf-dist/tex/latex/base/atbegshi-ltx.sty
Package: atbegshi-ltx 2020/08/17 v1.0a Emulation of the original atbegshi packa
ge
with kernel methods
)
\Hy@abspage=\count373
\c@Item=\count374
\c@Hfootnote=\count375
)
Package hyperref Info: Driver (autodetected): hpdftex.

(/usr/share/texmf-dist/tex/latex/hyperref/hpdftex.def
File: hpdftex.def 2020-05-15 v7.00e Hyperref driver for pdfTeX

(/usr/share/texmf-dist/tex/latex/base/atveryend-ltx.sty
Package: atveryend-ltx 2020/08/19 v1.0a Emulation of the original atvery packag
e
with kernel methods
)
\Fld@listcount=\count376
\c@bookmark@seq@number=\count377

(/usr/share/texmf-dist/tex/latex/rerunfilecheck/rerunfilecheck.sty
Package: rerunfilecheck 2019/12/05 v1.9 Rerun checks for auxiliary files (HO)

(/usr/share/texmf-dist/tex/generic/uniquecounter/uniquecounter.sty
Package: uniquecounter 2019/12/15 v1.4 Provide unlimited unique counter (HO)
)
Package uniquecounter Info: New unique counter `rerunfilecheck' on input line 2
86.
)
\Hy@SectionHShift=\skip57
)
(/usr/share/texmf-dist/tex/latex/minted/minted.sty
Package: minted 2017/07/19 v2.5 Yet another Pygments shim for LaTeX

(/usr/share/texmf-dist/tex/latex/fvextra/fvextra.sty
Package: fvextra 2019/02/04 v1.4 fvextra - extensions and patches for fancyvrb

(/usr/share/texmf-dist/tex/latex/fancyvrb/fancyvrb.sty
Package: fancyvrb 2020/05/03 v3.6 verbatim text (tvz,hv)
\FV@CodeLineNo=\count378
\FV@InFile=\read5
\FV@TabBox=\box92
\c@FancyVerbLine=\count379
\FV@StepNumber=\count380
\FV@OutFile=\write5
)
(/usr/share/texmf-dist/tex/latex/upquote/upquote.sty
Package: upquote 2012/04/19 v1.3 upright-quote and grave-accent glyphs in verba
tim

(/usr/share/texmf-dist/tex/latex/base/textcomp.sty
Package: textcomp 2020/02/02 v2.0n Standard LaTeX package
))
(/usr/share/texmf-dist/tex/latex/lineno/lineno.sty
Package: lineno 2005/11/02 line numbers on paragraphs v4.41
\linenopenalty=\count381
\output=\toks54
\linenoprevgraf=\count382
\linenumbersep=\dimen310
\linenumberwidth=\dimen311
\c@linenumber=\count383
\c@pagewiselinenumber=\count384
\c@LN@truepage=\count385
\c@internallinenumber=\count386
\c@internallinenumbers=\count387
\quotelinenumbersep=\dimen312
\bframerule=\dimen313
\bframesep=\dimen314
\bframebox=\box93
LaTeX Info: Redefining \\ on input line 3056.
)
\c@FV@TrueTabGroupLevel=\count388
\c@FV@TrueTabCounter=\count389
\FV@TabBox@Group=\box94
\FV@TmpLength=\skip58
\c@FV@HighlightLinesStart=\count390
\c@FV@HighlightLinesStop=\count391
\FV@LoopCount=\count392
\FV@NCharsBox=\box95
\FV@BreakIndent=\dimen315
\FV@BreakIndentNChars=\count393
\FV@BreakSymbolSepLeft=\dimen316
\FV@BreakSymbolSepLeftNChars=\count394
\FV@BreakSymbolSepRight=\dimen317
\FV@BreakSymbolSepRightNChars=\count395
\FV@BreakSymbolIndentLeft=\dimen318
\FV@BreakSymbolIndentLeftNChars=\count396
\FV@BreakSymbolIndentRight=\dimen319
\FV@BreakSymbolIndentRightNChars=\count397
\c@FancyVerbLineBreakLast=\count398
\FV@LineBox=\box96
\FV@LineIndentBox=\box97
\FV@LineWidth=\dimen320
)
(/usr/share/texmf-dist/tex/latex/tools/calc.sty
Package: calc 2017/05/25 v4.3 Infix arithmetic (KKT,FJ)
\calc@Acount=\count399
\calc@Bcount=\count400
\calc@Adimen=\dimen321
\calc@Bdimen=\dimen322
\calc@Askip=\skip59
\calc@Bskip=\skip60
LaTeX Info: Redefining \setlength on input line 80.
LaTeX Info: Redefining \addtolength on input line 81.
\calc@Ccount=\count401
\calc@Cskip=\skip61
)
(/usr/share/texmf-dist/tex/latex/tools/shellesc.sty
Package: shellesc 2019/11/08 v1.0c unified shell escape interface for LaTeX
Package shellesc Info: Unrestricted shell escape enabled on input line 75.
)
(/usr/share/texmf-dist/tex/latex/ifplatform/ifplatform.sty
Package: ifplatform 2017/10/13 v0.4a Testing for the operating system

(/usr/share/texmf-dist/tex/generic/catchfile/catchfile.sty
Package: catchfile 2019/12/09 v1.8 Catch the contents of a file (HO)
)
(/usr/share/texmf-dist/tex/generic/iftex/ifluatex.sty
Package: ifluatex 2019/10/25 v1.5 ifluatex legacy package. Use iftex instead.
)
runsystem(uname -s > "document.w18")...executed.


(/run/media/slabejmilan/HDD/programming/MP_NETIO_BUTTON/Dokumentace/document.w1
8)
runsystem(rm -- "document.w18")...executed.

) (/usr/share/texmf-dist/tex/generic/xstring/xstring.sty
(/usr/share/texmf-dist/tex/generic/xstring/xstring.tex
\integerpart=\count402
\decimalpart=\count403
)
Package: xstring 2019/02/06 v1.83 String manipulations (CT)
)
(/usr/share/texmf-dist/tex/latex/framed/framed.sty
Package: framed 2011/10/22 v 0.96: framed or shaded text with page breaks
\OuterFrameSep=\skip62
\fb@frw=\dimen323
\fb@frh=\dimen324
\FrameRule=\dimen325
\FrameSep=\dimen326
)
(/usr/share/texmf-dist/tex/latex/float/float.sty
Package: float 2001/11/08 v1.3d Float enhancements (AL)
\c@float@type=\count404
\float@exts=\toks55
\float@box=\box98
\@float@everytoks=\toks56
\@floatcapt=\box99
)
\minted@appexistsfile=\read6
\minted@bgbox=\box100
\minted@code=\write6
\c@minted@FancyVerbLineTemp=\count405
\c@minted@pygmentizecounter=\count406
\@float@every@listing=\toks57
\c@listing=\count407
)
runsystem(mkdir -p _minted-document)...executed.


(/usr/share/texmf-dist/tex/latex/footmisc/footmisc.sty
Package: footmisc 2011/06/06 v5.5b a miscellany of footnote facilities
\FN@temptoken=\toks58
\footnotemargin=\dimen327
\c@pp@next@reset=\count408
Package footmisc Info: Declaring symbol style bringhurst on input line 855.
Package footmisc Info: Declaring symbol style chicago on input line 863.
Package footmisc Info: Declaring symbol style wiley on input line 872.
Package footmisc Info: Declaring symbol style lamport-robust on input line 883.

Package footmisc Info: Declaring symbol style lamport* on input line 903.
Package footmisc Info: Declaring symbol style lamport*-robust on input line 924
.
)
(/usr/share/texmf-dist/tex/latex/tools/indentfirst.sty
Package: indentfirst 1995/11/23 v1.03 Indent first paragraph (DPC)
)
runsystem(which pygmentize && touch document.aex)...executed.

runsystem(rm document.aex)...executed.


(/run/media/slabejmilan/HDD/programming/MP_NETIO_BUTTON/Dokumentace/document.au
x)
LaTeX Font Info:    Checking defaults for OML/cmm/m/it on input line 25.
LaTeX Font Info:    ... okay on input line 25.
LaTeX Font Info:    Checking defaults for OMS/cmsy/m/n on input line 25.
LaTeX Font Info:    ... okay on input line 25.
LaTeX Font Info:    Checking defaults for OT1/cmr/m/n on input line 25.
LaTeX Font Info:    ... okay on input line 25.
LaTeX Font Info:    Checking defaults for T1/cmr/m/n on input line 25.
LaTeX Font Info:    ... okay on input line 25.
LaTeX Font Info:    Checking defaults for TS1/cmr/m/n on input line 25.
LaTeX Font Info:    ... okay on input line 25.
LaTeX Font Info:    Checking defaults for OMX/cmex/m/n on input line 25.
LaTeX Font Info:    ... okay on input line 25.
LaTeX Font Info:    Checking defaults for U/cmr/m/n on input line 25.
LaTeX Font Info:    ... okay on input line 25.
LaTeX Font Info:    Checking defaults for PD1/pdf/m/n on input line 25.
LaTeX Font Info:    ... okay on input line 25.
 (/usr/share/texmf-dist/tex/context/base/mkii/supp-pdf.mkii
[Loading MPS to PDF converter (version 2006.09.02).]
\scratchcounter=\count409
\scratchdimen=\dimen328
\scratchbox=\box101
\nofMPsegments=\count410
\nofMParguments=\count411
\everyMPshowfont=\toks59
\MPscratchCnt=\count412
\MPscratchDim=\dimen329
\MPnumerator=\count413
\makeMPintoPDFobject=\count414
\everyMPtoPDFconversion=\toks60
) (/usr/share/texmf-dist/tex/latex/epstopdf-pkg/epstopdf-base.sty
Package: epstopdf-base 2020-01-24 v2.11 Base part for package epstopdf
Package epstopdf-base Info: Redefining graphics rule for `.eps' on input line 4
85.

(/usr/share/texmf-dist/tex/latex/latexconfig/epstopdf-sys.cfg
File: epstopdf-sys.cfg 2010/07/13 v1.3 Configuration of (r)epstopdf for TeX Liv
e
))
*geometry* driver: auto-detecting
*geometry* detected driver: pdftex
*geometry* verbose mode - [ preamble ] result:
* driver: pdftex
* paper: a4paper
* layout: <same size as paper>
* layoutoffset:(h,v)=(0.0pt,0.0pt)
* modes: 
* h-part:(L,W,R)=(85.35826pt, 455.24411pt, 56.9055pt)
* v-part:(T,H,B)=(85.35826pt, 674.33032pt, 85.35826pt)
* \paperwidth=597.50787pt
* \paperheight=845.04684pt
* \textwidth=455.24411pt
* \textheight=674.33032pt
* \oddsidemargin=13.08827pt
* \evensidemargin=13.08827pt
* \topmargin=-23.91173pt
* \headheight=12.0pt
* \headsep=25.0pt
* \topskip=12.0pt
* \footskip=30.0pt
* \marginparwidth=35.0pt
* \marginparsep=10.0pt
* \columnsep=10.0pt
* \skip\footins=10.8pt plus 4.0pt minus 2.0pt
* \hoffset=0.0pt
* \voffset=0.0pt
* \mag=1000
* \@twocolumnfalse
* \@twosidefalse
* \@mparswitchfalse
* \@reversemarginfalse
* (1in=72.27pt=25.4mm, 1cm=28.453pt)

(/usr/share/texmf-dist/tex/latex/siunitx/siunitx-abbreviations.cfg
File: siunitx-abbreviations.cfg 2017/11/26 v2.7k siunitx: Abbreviated units
)
(/usr/share/texmf-dist/tex/latex/translator/translator-basic-dictionary-English
.dict
Dictionary: translator-basic-dictionary, Language: English 
)
Package caption Info: Begin \AtBeginDocument code.
Package caption Info: float package is loaded.
Package caption Info: hyperref package is loaded.
Package caption Info: listings package is loaded.
Package caption Info: End \AtBeginDocument code.
\c@lstlisting=\count415
Package hyperref Info: Link coloring OFF on input line 25.
 (/usr/share/texmf-dist/tex/latex/hyperref/nameref.sty
Package: nameref 2019/09/16 v2.46 Cross-referencing by name of section

(/usr/share/texmf-dist/tex/latex/refcount/refcount.sty
Package: refcount 2019/12/15 v3.6 Data extraction from label references (HO)
)
(/usr/share/texmf-dist/tex/generic/gettitlestring/gettitlestring.sty
Package: gettitlestring 2019/12/15 v1.6 Cleanup title references (HO)
)
\c@section@level=\count416
)
LaTeX Info: Redefining \ref on input line 25.
LaTeX Info: Redefining \pageref on input line 25.
LaTeX Info: Redefining \nameref on input line 25.

(/run/media/slabejmilan/HDD/programming/MP_NETIO_BUTTON/Dokumentace/document.ou
t)
(/run/media/slabejmilan/HDD/programming/MP_NETIO_BUTTON/Dokumentace/document.ou
t)
\@outlinefile=\write7
LaTeX Font Info:    External font `cmex10' loaded for size
(Font)              <12> on input line 25.
LaTeX Font Info:    External font `cmex10' loaded for size
(Font)              <8> on input line 25.
LaTeX Font Info:    External font `cmex10' loaded for size
(Font)              <6> on input line 25.
<images//logo.jpg, id=175, 114.318pt x 131.0715pt>
File: images//logo.jpg Graphic file (type jpg)
<use images//logo.jpg>
Package pdftex.def Info: images//logo.jpg  used on input line 30.
(pdftex.def)             Requested size: 85.35826pt x 97.87137pt.
 [1

{/var/lib/texmf/fonts/map/pdftex/updmap/pdftex.map} </run/media/slabejmilan/HDD
/programming/MP_NETIO_BUTTON/Dokumentace/images//logo.jpg>]pdfTeX warning (ext4
): destination with the same identifier (name{page.1}) has been already used, d
uplicate ignored
<to be read again> 
                   \relax 
l.43     \podekovani
                     [1] [2]
(/run/media/slabejmilan/HDD/programming/MP_NETIO_BUTTON/Dokumentace/document.to
c [3

])
\tf@toc=\write8
 [4]
Kapitola 1.
LaTeX Font Info:    External font `cmex10' loaded for size
(Font)              <7> on input line 53.
LaTeX Font Info:    External font `cmex10' loaded for size
(Font)              <5> on input line 53.
[5

]
Kapitola 2.
<images/ESP8266_piny.png, id=254, 459.21562pt x 378.66469pt>
File: images/ESP8266_piny.png Graphic file (type png)
<use images/ESP8266_piny.png>
Package pdftex.def Info: images/ESP8266_piny.png  used on input line 84.
(pdftex.def)             Requested size: 256.0748pt x 211.16675pt.

LaTeX Warning: `!h' float specifier changed to `!ht'.

<images/ESP8266_diagram.png, id=259, 446.41782pt x 217.5628pt>
File: images/ESP8266_diagram.png Graphic file (type png)
<use images/ESP8266_diagram.png>
Package pdftex.def Info: images/ESP8266_diagram.png  used on input line 98.
(pdftex.def)             Requested size: 312.9803pt x 152.53526pt.
[6

] [7 </run/media/slabejmilan/HDD/programming/MP_NETIO_BUTTON/Dokumentace/images
/ESP8266_piny.png> </run/media/slabejmilan/HDD/programming/MP_NETIO_BUTTON/Doku
mentace/images/ESP8266_diagram.png>]
<images/ESP32_piny.png, id=292, 730.98094pt x 615.80063pt>
File: images/ESP32_piny.png Graphic file (type png)
<use images/ESP32_piny.png>
Package pdftex.def Info: images/ESP32_piny.png  used on input line 124.
(pdftex.def)             Requested size: 182.09486pt x 153.39539pt.
<images/ESP32_diagram.png, id=293, 407.27156pt x 335.75438pt>
File: images/ESP32_diagram.png Graphic file (type png)
<use images/ESP32_diagram.png>
Package pdftex.def Info: images/ESP32_diagram.png  used on input line 128.
(pdftex.def)             Requested size: 227.62206pt x 187.6523pt.
<images/tabulka_sleep.png, id=297, 603.0028pt x 159.59625pt>
File: images/tabulka_sleep.png Graphic file (type png)
<use images/tabulka_sleep.png>
Package pdftex.def Info: images/tabulka_sleep.png  used on input line 142.
(pdftex.def)             Requested size: 312.9803pt x 82.83466pt.


LaTeX Warning: `!h' float specifier changed to `!ht'.

[8 </run/media/slabejmilan/HDD/programming/MP_NETIO_BUTTON/Dokumentace/images/E
SP32_piny.png (PNG copy)> </run/media/slabejmilan/HDD/programming/MP_NETIO_BUTT
ON/Dokumentace/images/ESP32_diagram.png>]
<images/ESP8266_timed_deepsleep.png, id=313, 447.17062pt x 294.34969pt>
File: images/ESP8266_timed_deepsleep.png Graphic file (type png)
<use images/ESP8266_timed_deepsleep.png>
Package pdftex.def Info: images/ESP8266_timed_deepsleep.png  used on input line
 154.
(pdftex.def)             Requested size: 182.09486pt x 119.8667pt.
<images/ESP8266_pressed_deepsleep.png, id=314, 511.15968pt x 374.90062pt>
File: images/ESP8266_pressed_deepsleep.png Graphic file (type png)
<use images/ESP8266_pressed_deepsleep.png>
Package pdftex.def Info: images/ESP8266_pressed_deepsleep.png  used on input li
ne 158.
(pdftex.def)             Requested size: 182.09486pt x 133.55115pt.
 [9 </run/media/slabejmilan/HDD/programming/MP_NETIO_BUTTON/Dokumentace/images/
tabulka_sleep.png (PNG copy)> </run/media/slabejmilan/HDD/programming/MP_NETIO_
BUTTON/Dokumentace/images/ESP8266_timed_deepsleep.png> </run/media/slabejmilan/
HDD/programming/MP_NETIO_BUTTON/Dokumentace/images/ESP8266_pressed_deepsleep.pn
g>]
<images/ldln030_datasheet.png, id=332, 198.7425pt x 166.37157pt>
File: images/ldln030_datasheet.png Graphic file (type png)
<use images/ldln030_datasheet.png>
Package pdftex.def Info: images/ldln030_datasheet.png  used on input line 182.
(pdftex.def)             Requested size: 177.54492pt x 148.63124pt.
<images/ldln030_datasheet2.png, id=333, 308.352pt x 169.8345pt>
File: images/ldln030_datasheet2.png Graphic file (type png)
<use images/ldln030_datasheet2.png>
Package pdftex.def Info: images/ldln030_datasheet2.png  used on input line 186.

(pdftex.def)             Requested size: 223.07211pt x 122.86641pt.


Package hyperref Warning: Composite letter `\textasciicaron+c'
(hyperref)                not defined in PD1 encoding,
(hyperref)                removing `\textasciicaron' on input line 194.

<images/Blokove schema button.png, id=337, 569.12625pt x 563.25897pt>
File: images/Blokove schema button.png Graphic file (type png)
<use images/Blokove schema button.png>
Package pdftex.def Info: images/Blokove schema button.png  used on input line 2
01.
(pdftex.def)             Requested size: 223.07211pt x 220.77022pt.
<images/blokove schema zasuvka.png, id=338, 583.42969pt x 562.51392pt>
File: images/blokove schema zasuvka.png Graphic file (type png)
<use images/blokove schema zasuvka.png>
Package pdftex.def Info: images/blokove schema zasuvka.png  used on input line 
205.
(pdftex.def)             Requested size: 223.07211pt x 215.07074pt.
[10 </run/media/slabejmilan/HDD/programming/MP_NETIO_BUTTON/Dokumentace/images/
ldln030_datasheet.png> </run/media/slabejmilan/HDD/programming/MP_NETIO_BUTTON/
Dokumentace/images/ldln030_datasheet2.png>] [11 </run/media/slabejmilan/HDD/pro
gramming/MP_NETIO_BUTTON/Dokumentace/images/Blokove schema button.png (PNG copy
)> </run/media/slabejmilan/HDD/programming/MP_NETIO_BUTTON/Dokumentace/images/b
lokove schema zasuvka.png (PNG copy)>] [12]
Kapitola 3.

Package hyperref Warning: Composite letter `\textasciicaron+e'
(hyperref)                not defined in PD1 encoding,
(hyperref)                removing `\textasciicaron' on input line 238.


Package hyperref Warning: Composite letter `\textasciicaron+r'
(hyperref)                not defined in PD1 encoding,
(hyperref)                removing `\textasciicaron' on input line 238.


Package hyperref Warning: Composite letter `\textasciicaron+e'
(hyperref)                not defined in PD1 encoding,
(hyperref)                removing `\textasciicaron' on input line 239.


Package hyperref Warning: Composite letter `\textasciicaron+r'
(hyperref)                not defined in PD1 encoding,
(hyperref)                removing `\textasciicaron' on input line 239.


Package hyperref Warning: Composite letter `\textasciicaron+r'
(hyperref)                not defined in PD1 encoding,
(hyperref)                removing `\textasciicaron' on input line 239.


Package hyperref Warning: Composite letter `\textasciicaron+r'
(hyperref)                not defined in PD1 encoding,
(hyperref)                removing `\textasciicaron' on input line 256.

[13

]

Package hyperref Warning: Composite letter `\textasciicaron+c'
(hyperref)                not defined in PD1 encoding,
(hyperref)                removing `\textasciicaron' on input line 267.


Package hyperref Warning: Composite letter `\textasciicaron+c'
(hyperref)                not defined in PD1 encoding,
(hyperref)                removing `\textasciicaron' on input line 267.

[14]

Package hyperref Warning: Composite letter `\textasciicaron+r'
(hyperref)                not defined in PD1 encoding,
(hyperref)                removing `\textasciicaron' on input line 292.


Package hyperref Warning: Composite letter `\textasciicaron+c'
(hyperref)                not defined in PD1 encoding,
(hyperref)                removing `\textasciicaron' on input line 308.


Package hyperref Warning: Composite letter `\textring+u'
(hyperref)                not defined in PD1 encoding,
(hyperref)                removing `\textring' on input line 308.

[15]

Package hyperref Warning: Composite letter `\textasciicaron+e'
(hyperref)                not defined in PD1 encoding,
(hyperref)                removing `\textasciicaron' on input line 319.


Package hyperref Warning: Composite letter `\textasciicaron+r'
(hyperref)                not defined in PD1 encoding,
(hyperref)                removing `\textasciicaron' on input line 319.

<images/zapojeni_esp32_vzorek.png, id=391, 2027.52pt x 1520.64pt>
File: images/zapojeni_esp32_vzorek.png Graphic file (type png)
<use images/zapojeni_esp32_vzorek.png>
Package pdftex.def Info: images/zapojeni_esp32_vzorek.png  used on input line 3
27.
(pdftex.def)             Requested size: 182.09486pt x 136.55005pt.
<images/zapojeni_esp32_vzorek_zadek.png, id=392, 1496.88pt x 1135.53pt>
File: images/zapojeni_esp32_vzorek_zadek.png Graphic file (type png)
<use images/zapojeni_esp32_vzorek_zadek.png>
Package pdftex.def Info: images/zapojeni_esp32_vzorek_zadek.png  used on input 
line 331.
(pdftex.def)             Requested size: 182.09486pt x 138.12901pt.
[16 </run/media/slabejmilan/HDD/programming/MP_NETIO_BUTTON/Dokumentace/images/
zapojeni_esp32_vzorek.png (PNG copy)> </run/media/slabejmilan/HDD/programming/M
P_NETIO_BUTTON/Dokumentace/images/zapojeni_esp32_vzorek_zadek.png (PNG copy)>]
Kapitola 4.

Package hyperref Warning: Composite letter `\textasciicaron+e'
(hyperref)                not defined in PD1 encoding,
(hyperref)                removing `\textasciicaron' on input line 345.


Package hyperref Warning: Composite letter `\textasciicaron+r'
(hyperref)                not defined in PD1 encoding,
(hyperref)                removing `\textasciicaron' on input line 345.


Package hyperref Warning: Composite letter `\textring+u'
(hyperref)                not defined in PD1 encoding,
(hyperref)                removing `\textring' on input line 345.


Package hyperref Warning: Composite letter `\textasciicaron+e'
(hyperref)                not defined in PD1 encoding,
(hyperref)                removing `\textasciicaron' on input line 345.


Package hyperref Warning: Composite letter `\textasciicaron+r'
(hyperref)                not defined in PD1 encoding,
(hyperref)                removing `\textasciicaron' on input line 345.


Package hyperref Warning: Composite letter `\textasciicaron+r'
(hyperref)                not defined in PD1 encoding,
(hyperref)                removing `\textasciicaron' on input line 351.


Package hyperref Warning: Composite letter `\textasciicaron+c'
(hyperref)                not defined in PD1 encoding,
(hyperref)                removing `\textasciicaron' on input line 351.


Package hyperref Warning: Composite letter `\textring+u'
(hyperref)                not defined in PD1 encoding,
(hyperref)                removing `\textring' on input line 351.

<images/ESP8266_on_waiting.png, id=405, 557.83406pt x 316.93407pt>
File: images/ESP8266_on_waiting.png Graphic file (type png)
<use images/ESP8266_on_waiting.png>
Package pdftex.def Info: images/ESP8266_on_waiting.png  used on input line 379.

(pdftex.def)             Requested size: 273.14923pt x 155.19266pt.
<images/ESP8266_deepsleep_waiting.png, id=406, 541.27219pt x 318.43968pt>
File: images/ESP8266_deepsleep_waiting.png Graphic file (type png)
<use images/ESP8266_deepsleep_waiting.png>
Package pdftex.def Info: images/ESP8266_deepsleep_waiting.png  used on input li
ne 383.
(pdftex.def)             Requested size: 273.14923pt x 160.70143pt.
[17

] [18 </run/media/slabejmilan/HDD/programming/MP_NETIO_BUTTON/Dokumentace/image
s/ESP8266_on_waiting.png> </run/media/slabejmilan/HDD/programming/MP_NETIO_BUTT
ON/Dokumentace/images/ESP8266_deepsleep_waiting.png>]

Package hyperref Warning: Composite letter `\textasciicaron+r'
(hyperref)                not defined in PD1 encoding,
(hyperref)                removing `\textasciicaron' on input line 434.

[19]
<images/ESP8266_network_dynamic_specific.png, id=445, 539.01375pt x 318.43968pt
>
File: images/ESP8266_network_dynamic_specific.png Graphic file (type png)
<use images/ESP8266_network_dynamic_specific.png>
Package pdftex.def Info: images/ESP8266_network_dynamic_specific.png  used on i
nput line 445.
(pdftex.def)             Requested size: 295.90588pt x 174.8168pt.
<images/ESP8266_network_static.png, id=446, 531.48563pt x 321.45094pt>
File: images/ESP8266_network_static.png Graphic file (type png)
<use images/ESP8266_network_static.png>
Package pdftex.def Info: images/ESP8266_network_static.png  used on input line 
449.
(pdftex.def)             Requested size: 295.90588pt x 178.97145pt.
<images/ESP8266_network_static_security.png, id=447, 532.99126pt x 322.20375pt>

File: images/ESP8266_network_static_security.png Graphic file (type png)
<use images/ESP8266_network_static_security.png>
Package pdftex.def Info: images/ESP8266_network_static_security.png  used on in
put line 453.
(pdftex.def)             Requested size: 295.90588pt x 178.88419pt.
 [20 </run/media/slabejmilan/HDD/programming/MP_NETIO_BUTTON/Dokumentace/images
/ESP8266_network_dynamic_specific.png> </run/media/slabejmilan/HDD/programming/
MP_NETIO_BUTTON/Dokumentace/images/ESP8266_network_static.png> </run/media/slab
ejmilan/HDD/programming/MP_NETIO_BUTTON/Dokumentace/images/ESP8266_network_stat
ic_security.png>]
<images/ESP8266_http.png, id=456, 700.86844pt x 477.28313pt>
File: images/ESP8266_http.png Graphic file (type png)
<use images/ESP8266_http.png>
Package pdftex.def Info: images/ESP8266_http.png  used on input line 463.
(pdftex.def)             Requested size: 341.43306pt x 232.51617pt.


Package hyperref Warning: Composite letter `\textasciicaron+r'
(hyperref)                not defined in PD1 encoding,
(hyperref)                removing `\textasciicaron' on input line 490.


Package hyperref Warning: Composite letter `\textasciicaron+c'
(hyperref)                not defined in PD1 encoding,
(hyperref)                removing `\textasciicaron' on input line 490.


Package hyperref Warning: Composite letter `\textring+u'
(hyperref)                not defined in PD1 encoding,
(hyperref)                removing `\textring' on input line 490.

<images/ESP32_on_waiting.png, id=459, 554.07pt x 319.94531pt>
File: images/ESP32_on_waiting.png Graphic file (type png)
<use images/ESP32_on_waiting.png>
Package pdftex.def Info: images/ESP32_on_waiting.png  used on input line 498.
(pdftex.def)             Requested size: 273.14923pt x 157.72655pt.
<images/ESP32_deepsleep_waiting.png, id=460, 557.83406pt x 319.1925pt>
File: images/ESP32_deepsleep_waiting.png Graphic file (type png)
<use images/ESP32_deepsleep_waiting.png>
Package pdftex.def Info: images/ESP32_deepsleep_waiting.png  used on input line
 502.
(pdftex.def)             Requested size: 273.14923pt x 156.29854pt.

LaTeX Warning: `!h' float specifier changed to `!ht'.

[21 </run/media/slabejmilan/HDD/programming/MP_NETIO_BUTTON/Dokumentace/images/
ESP8266_http.png>] [22 </run/media/slabejmilan/HDD/programming/MP_NETIO_BUTTON/
Dokumentace/images/ESP32_on_waiting.png> </run/media/slabejmilan/HDD/programmin
g/MP_NETIO_BUTTON/Dokumentace/images/ESP32_deepsleep_waiting.png>]

Package hyperref Warning: Composite letter `\textasciicaron+r'
(hyperref)                not defined in PD1 encoding,
(hyperref)                removing `\textasciicaron' on input line 563.

<images/ESP32_network_dynamic.png, id=483, 459.96844pt x 317.68687pt>
File: images/ESP32_network_dynamic.png Graphic file (type png)
<use images/ESP32_network_dynamic.png>
Package pdftex.def Info: images/ESP32_network_dynamic.png  used on input line 5
70.
(pdftex.def)             Requested size: 250.38564pt x 172.93472pt.
<images/ESP32_network_static.png, id=484, 459.96844pt x 318.43968pt>
File: images/ESP32_network_static.png Graphic file (type png)
<use images/ESP32_network_static.png>
Package pdftex.def Info: images/ESP32_network_static.png  used on input line 57
4.
(pdftex.def)             Requested size: 250.38564pt x 173.34453pt.
<images/ESP32_network_static_security.png, id=485, 453.94594pt x 316.93407pt>
File: images/ESP32_network_static_security.png Graphic file (type png)
<use images/ESP32_network_static_security.png>
Package pdftex.def Info: images/ESP32_network_static_security.png  used on inpu
t line 578.
(pdftex.def)             Requested size: 250.38564pt x 174.81238pt.
<images/ESP32_http.png, id=486, 389.95688pt x 286.82156pt>
File: images/ESP32_http.png Graphic file (type png)
<use images/ESP32_http.png>
Package pdftex.def Info: images/ESP32_http.png  used on input line 586.
(pdftex.def)             Requested size: 284.52756pt x 209.28171pt.

LaTeX Warning: `!h' float specifier changed to `!ht'.


LaTeX Warning: `h' float specifier changed to `ht'.


Package hyperref Warning: Composite letter `\textring+u'
(hyperref)                not defined in PD1 encoding,
(hyperref)                removing `\textring' on input line 608.

[23]

LaTeX Warning: Text page 24 contains only floats.

[24 </run/media/slabejmilan/HDD/programming/MP_NETIO_BUTTON/Dokumentace/images/
ESP32_network_dynamic.png> </run/media/slabejmilan/HDD/programming/MP_NETIO_BUT
TON/Dokumentace/images/ESP32_network_static.png> </run/media/slabejmilan/HDD/pr
ogramming/MP_NETIO_BUTTON/Dokumentace/images/ESP32_network_static_security.png>
]

LaTeX Warning: `!h' float specifier changed to `!ht'.

[25 </run/media/slabejmilan/HDD/programming/MP_NETIO_BUTTON/Dokumentace/images/
ESP32_http.png>]

/run/media/slabejmilan/HDD/programming/MP_NETIO_BUTTON/Dokumentace/document.tex
:650: Package array Error:  Illegal pream-token (C): `c' used.

See the array package documentation for explanation.
Type  H <return>  for immediate help.
 ...                                              
                                                  
l.650 ...2}{c|}{I[A]} & \multicolumn{2}{C||}{P[W]}
                                                     \\
Try typing  <return>  to proceed.
If that doesn't work, type  X <return>  to quit.

[26]

/run/media/slabejmilan/HDD/programming/MP_NETIO_BUTTON/Dokumentace/document.tex
:680: LaTeX Error: There's no line here to end.

See the LaTeX manual or LaTeX Companion for explanation.
Type  H <return>  for immediate help.
 ...                                              
                                                  
l.680     Z
            hlediska pipojen do WiFi st jednotlivmi monostmi lep...

Your command was ignored.
Type  I <command> <return>  to replace it with another command,
or  <return>  to continue without it.

[27]
Kapitola 5.

Package hyperref Warning: Composite letter `\textasciicaron+r'
(hyperref)                not defined in PD1 encoding,
(hyperref)                removing `\textasciicaron' on input line 691.


Package hyperref Warning: Composite letter `\textasciicaron+c'
(hyperref)                not defined in PD1 encoding,
(hyperref)                removing `\textasciicaron' on input line 691.


Package hyperref Warning: Composite letter `\textring+u'
(hyperref)                not defined in PD1 encoding,
(hyperref)                removing `\textring' on input line 691.


Package hyperref Warning: Composite letter `\textasciicaron+c'
(hyperref)                not defined in PD1 encoding,
(hyperref)                removing `\textasciicaron' on input line 692.

<images/esp8266_schema.png, id=530, 726.3135pt x 467.94826pt>
File: images/esp8266_schema.png Graphic file (type png)
<use images/esp8266_schema.png>
Package pdftex.def Info: images/esp8266_schema.png  used on input line 714.
(pdftex.def)             Requested size: 341.43306pt x 219.98569pt.
[28

] [29 </run/media/slabejmilan/HDD/programming/MP_NETIO_BUTTON/Dokumentace/image
s/esp8266_schema.png>]
<images/esp32_schema.png, id=545, 575.90157pt x 417.05812pt>
File: images/esp32_schema.png Graphic file (type png)
<use images/esp32_schema.png>
Package pdftex.def Info: images/esp32_schema.png  used on input line 730.
(pdftex.def)             Requested size: 341.43306pt x 247.26491pt.
 [30 </run/media/slabejmilan/HDD/programming/MP_NETIO_BUTTON/Dokumentace/images
/esp32_schema.png>]

Package hyperref Warning: Composite letter `\textasciicaron+c'
(hyperref)                not defined in PD1 encoding,
(hyperref)                removing `\textasciicaron' on input line 740.


Package hyperref Warning: Composite letter `\textasciicaron+r'
(hyperref)                not defined in PD1 encoding,
(hyperref)                removing `\textasciicaron' on input line 751.

[31]
<images/webscreen.png, id=571, 794.97pt x 490.83376pt>
File: images/webscreen.png Graphic file (type png)
<use images/webscreen.png>
Package pdftex.def Info: images/webscreen.png  used on input line 766.
(pdftex.def)             Requested size: 341.43306pt x 210.81473pt.
 [32 </run/media/slabejmilan/HDD/programming/MP_NETIO_BUTTON/Dokumentace/images
/webscreen.png>] [33]
Kapitola 6.

Package hyperref Warning: Composite letter `\textasciicaron+e'
(hyperref)                not defined in PD1 encoding,
(hyperref)                removing `\textasciicaron' on input line 785.

[34

]
(/run/media/slabejmilan/HDD/programming/MP_NETIO_BUTTON/Dokumentace/document.lo
l)
\tf@lol=\write9
 [35

]
(/run/media/slabejmilan/HDD/programming/MP_NETIO_BUTTON/Dokumentace/document.lo
t)
\tf@lot=\write10
 [36

]
(/run/media/slabejmilan/HDD/programming/MP_NETIO_BUTTON/Dokumentace/document.lo
f)
\tf@lof=\write11


Package hyperref Warning: Composite letter `\textasciicaron+r'
(hyperref)                not defined in PD1 encoding,
(hyperref)                removing `\textasciicaron' on input line 851.

[37

]
P\v {r}\'{\i }loha A.

Package hyperref Warning: Composite letter `\textasciicaron+e'
(hyperref)                not defined in PD1 encoding,
(hyperref)                removing `\textasciicaron' on input line 851.


Package hyperref Warning: Composite letter `\textasciicaron+r'
(hyperref)                not defined in PD1 encoding,
(hyperref)                removing `\textasciicaron' on input line 851.


Package hyperref Warning: Composite letter `\textasciicaron+e'
(hyperref)                not defined in PD1 encoding,
(hyperref)                removing `\textasciicaron' on input line 851.

<images/sonyvegaspostup.png, id=656, 1332.47812pt x 533.74406pt>
File: images/sonyvegaspostup.png Graphic file (type png)
<use images/sonyvegaspostup.png>
Package pdftex.def Info: images/sonyvegaspostup.png  used on input line 851.
(pdftex.def)             Requested size: 341.43306pt x 136.7667pt.
<images/esp8266_3,3uf.png, id=657, 523.20468pt x 278.54062pt>
File: images/esp8266_3,3uf.png Graphic file (type png)
<use images/esp8266_3,3uf.png>
Package pdftex.def Info: images/esp8266_3,3uf.png  used on input line 851.
(pdftex.def)             Requested size: 341.43306pt x 181.77177pt.
<images/ESP8266_tisteny_spoj.png, id=658, 976.39781pt x 603.0028pt>
File: images/ESP8266_tisteny_spoj.png Graphic file (type png)
<use images/ESP8266_tisteny_spoj.png>
Package pdftex.def Info: images/ESP8266_tisteny_spoj.png  used on input line 85
1.
(pdftex.def)             Requested size: 341.43306pt x 210.86092pt.
<images/ESP32_tisteny_spoj.png, id=659, 603.0028pt x 536.75531pt>
File: images/ESP32_tisteny_spoj.png Graphic file (type png)
<use images/ESP32_tisteny_spoj.png>
Package pdftex.def Info: images/ESP32_tisteny_spoj.png  used on input line 851.

(pdftex.def)             Requested size: 227.62204pt x 202.60956pt.
<images/esp8266_bread.jpeg, id=660, 2055.68pt x 1541.76pt>
File: images/esp8266_bread.jpeg Graphic file (type jpg)
<use images/esp8266_bread.jpeg>
Package pdftex.def Info: images/esp8266_bread.jpeg  used on input line 851.
(pdftex.def)             Requested size: 227.62204pt x 170.69981pt.
<images/esp32_bread.jpeg, id=661, 1541.76pt x 2055.68pt>
File: images/esp32_bread.jpeg Graphic file (type jpg)
<use images/esp32_bread.jpeg>
Package pdftex.def Info: images/esp32_bread.jpeg  used on input line 851.
(pdftex.def)             Requested size: 227.62204pt x 303.47679pt.

LaTeX Warning: No positions in optional float specifier.
               Default added (so using `tbp') on input line 852.


/run/media/slabejmilan/HDD/programming/MP_NETIO_BUTTON/Dokumentace/document.tex
:858: Package xkeyval Error: `franesep' undefined in families `minted@opt@cmd'.


See the xkeyval package documentation for explanation.
Type  H <return>  for immediate help.
 ...                                              
                                                  
l.858         ]{cpp}
                    
Try typing  <return>  to proceed.
If that doesn't work, type  X <return>  to quit.


/run/media/slabejmilan/HDD/programming/MP_NETIO_BUTTON/Dokumentace/document.tex
:858: Package xkeyval Error: `baselinesstretch' undefined in families `minted@o
pt@cmd'.

See the xkeyval package documentation for explanation.
Type  H <return>  for immediate help.
 ...                                              
                                                  
l.858         ]{cpp}
                    
Try typing  <return>  to proceed.
If that doesn't work, type  X <return>  to quit.


(/run/media/slabejmilan/HDD/programming/MP_NETIO_BUTTON/Dokumentace/_minted-doc
ument/default-pyg-prefix.pygstyle)
(/run/media/slabejmilan/HDD/programming/MP_NETIO_BUTTON/Dokumentace/_minted-doc
ument/default.pygstyle)
(/run/media/slabejmilan/HDD/programming/MP_NETIO_BUTTON/Dokumentace/_minted-doc
ument/E9363EA9EE74357E43609CA655BDB54419896C906543D582CDE4F8BAB1D4A995.pygtex
LaTeX Font Info:    Trying to load font information for T1+cmtt on input line 1
.

(/usr/share/texmf-dist/tex/latex/base/t1cmtt.fd
File: t1cmtt.fd 2019/12/16 v2.5j Standard LaTeX font definitions
)
LaTeX Font Info:    Font shape `T1/cmtt/bx/n' in size <12> not available
(Font)              Font shape `T1/cmtt/m/n' tried instead on input line 2.
)
Package hyperref Info: bookmark level for unknown listing defaults to 0 on inpu
t line 883.


LaTeX Warning: No positions in optional float specifier.
               Default added (so using `tbp') on input line 886.


/run/media/slabejmilan/HDD/programming/MP_NETIO_BUTTON/Dokumentace/document.tex
:892: Package xkeyval Error: `franesep' undefined in families `minted@opt@cmd'.


See the xkeyval package documentation for explanation.
Type  H <return>  for immediate help.
 ...                                              
                                                  
l.892         ]{cpp}
                    
Try typing  <return>  to proceed.
If that doesn't work, type  X <return>  to quit.


/run/media/slabejmilan/HDD/programming/MP_NETIO_BUTTON/Dokumentace/document.tex
:892: Package xkeyval Error: `baselinesstretch' undefined in families `minted@o
pt@cmd'.

See the xkeyval package documentation for explanation.
Type  H <return>  for immediate help.
 ...                                              
                                                  
l.892         ]{cpp}
                    
Try typing  <return>  to proceed.
If that doesn't work, type  X <return>  to quit.


(/run/media/slabejmilan/HDD/programming/MP_NETIO_BUTTON/Dokumentace/_minted-doc
ument/ED1E2409AB65C8013C475837FC5FCF8819896C906543D582CDE4F8BAB1D4A995.pygtex)

LaTeX Warning: No positions in optional float specifier.
               Default added (so using `tbp') on input line 925.


/run/media/slabejmilan/HDD/programming/MP_NETIO_BUTTON/Dokumentace/document.tex
:931: Package xkeyval Error: `franesep' undefined in families `minted@opt@cmd'.


See the xkeyval package documentation for explanation.
Type  H <return>  for immediate help.
 ...                                              
                                                  
l.931         ]{cpp}
                    
Try typing  <return>  to proceed.
If that doesn't work, type  X <return>  to quit.


/run/media/slabejmilan/HDD/programming/MP_NETIO_BUTTON/Dokumentace/document.tex
:931: Package xkeyval Error: `baselinesstretch' undefined in families `minted@o
pt@cmd'.

See the xkeyval package documentation for explanation.
Type  H <return>  for immediate help.
 ...                                              
                                                  
l.931         ]{cpp}
                    
Try typing  <return>  to proceed.
If that doesn't work, type  X <return>  to quit.


(/run/media/slabejmilan/HDD/programming/MP_NETIO_BUTTON/Dokumentace/_minted-doc
ument/4B9784FC358F448FCD8988FF644A40DA19896C906543D582CDE4F8BAB1D4A995.pygtex)
(/run/media/slabejmilan/HDD/programming/MP_NETIO_BUTTON/Dokumentace/document.bb
l [38

 </run/media/slabejmilan/HDD/programming/MP_NETIO_BUTTON/Dokumentace/images/son
yvegaspostup.png> </run/media/slabejmilan/HDD/programming/MP_NETIO_BUTTON/Dokum
entace/images/esp8266_3,3uf.png>] [39 </run/media/slabejmilan/HDD/programming/M
P_NETIO_BUTTON/Dokumentace/images/ESP8266_tisteny_spoj.png (PNG copy)> </run/me
dia/slabejmilan/HDD/programming/MP_NETIO_BUTTON/Dokumentace/images/ESP32_tisten
y_spoj.png>] [40 </run/media/slabejmilan/HDD/programming/MP_NETIO_BUTTON/Dokume
ntace/images/esp8266_bread.jpeg> </run/media/slabejmilan/HDD/programming/MP_NET
IO_BUTTON/Dokumentace/images/esp32_bread.jpeg>] [41] [42] [43]
Underfull \hbox (badness 10000) in paragraph at lines 39--42
\T1/cmr/m/n/12 Dostupn z: []$\T1/cmtt/m/n/12 https : / / cs . wikipedia . org 
/ w / index . php ? title = Dynamic _ Host _
 []


Overfull \hbox (8.34238pt too wide) in paragraph at lines 44--47
\T1/cmr/m/n/12 Dostupn z: []$\T1/cmtt/m/n/12 https : / / www . tme . com / Doc
ument / 12266bdd8a30eeb152305461b089a151 /
 []

) [44

]
(/run/media/slabejmilan/HDD/programming/MP_NETIO_BUTTON/Dokumentace/document.au
x)

Package rerunfilecheck Warning: File `document.out' has changed.
(rerunfilecheck)                Rerun to get outlines right
(rerunfilecheck)                or use package `bookmark'.

Package rerunfilecheck Info: Checksums for `document.out':
(rerunfilecheck)             Before: 3EF74D379D7AD420104FF8A714B8862E;2953
(rerunfilecheck)             After:  EBDAC3436E050FA23BAA549CDC31D965;2953.

LaTeX Warning: Label(s) may have changed. Rerun to get cross-references right.

runsystem(rm document.pyg)...executed.

 ) 
Here is how much of TeX's memory you used:
 36960 strings out of 479383
 818543 string characters out of 5875830
 1210939 words of memory out of 5000000
 53238 multiletter control sequences out of 15000+600000
 421317 words of font info for 67 fonts, out of 8000000 for 9000
 1141 hyphenation exceptions out of 8191
 107i,11n,115p,1629b,889s stack positions out of 5000i,500n,10000p,200000b,80000s
pdfTeX warning (dest): name{figure.caption.50} has been referenced but does n
ot exist, replaced by a fixed one

pdfTeX warning (dest): name{figure.caption.39} has been referenced but does not
 exist, replaced by a fixed one

pdfTeX warning (dest): name{table.caption.36} has been referenced but does not 
exist, replaced by a fixed one

pdfTeX warning (dest): name{Hfootnote.24} has been referenced but does not exis
t, replaced by a fixed one

pdfTeX warning (dest): name{Hfootnote.23} has been referenced but does not exis
t, replaced by a fixed one

pdfTeX warning (dest): name{Hfootnote.22} has been referenced but does not exis
t, replaced by a fixed one

pdfTeX warning (dest): name{figure.caption.41} has been referenced but does not
 exist, replaced by a fixed one

pdfTeX warning (dest): name{Hfootnote.21} has been referenced but does not exis
t, replaced by a fixed one

pdfTeX warning (dest): name{Hfootnote.20} has been referenced but does not exis
t, replaced by a fixed one

pdfTeX warning (dest): name{Hfootnote.19} has been referenced but does not exis
t, replaced by a fixed one

pdfTeX warning (dest): name{Hfootnote.18} has been referenced but does not exis
t, replaced by a fixed one

pdfTeX warning (dest): name{figure.caption.37} has been referenced but does not
 exist, replaced by a fixed one

pdfTeX warning (dest): name{Hfootnote.17} has been referenced but does not exis
t, replaced by a fixed one

pdfTeX warning (dest): name{Hfootnote.16} has been referenced but does not exis
t, replaced by a fixed one

pdfTeX warning (dest): name{Hfootnote.15} has been referenced but does not exis
t, replaced by a fixed one

pdfTeX warning (dest): name{Hfootnote.14} has been referenced but does not exis
t, replaced by a fixed one

pdfTeX warning (dest): name{Hfootnote.13} has been referenced but does not exis
t, replaced by a fixed one

pdfTeX warning (dest): name{Hfootnote.12} has been referenced but does not exis
t, replaced by a fixed one

pdfTeX warning (dest): name{Hfootnote.11} has been referenced but does not exis
t, replaced by a fixed one

pdfTeX warning (dest): name{Hfootnote.10} has been referenced but does not exis
t, replaced by a fixed one

pdfTeX warning (dest): name{Hfootnote.9} has been referenced but does not exist
, replaced by a fixed one

pdfTeX warning (dest): name{Hfootnote.8} has been referenced but does not exist
, replaced by a fixed one

pdfTeX warning (dest): name{Hfootnote.7} has been referenced but does not exist
, replaced by a fixed one

pdfTeX warning (dest): name{Hfootnote.6} has been referenced but does not exist
, replaced by a fixed one

pdfTeX warning (dest): name{Hfootnote.5} has been referenced but does not exist
, replaced by a fixed one

pdfTeX warning (dest): name{Hfootnote.4} has been referenced but does not exist
, replaced by a fixed one

pdfTeX warning (dest): name{Hfootnote.3} has been referenced but does not exist
, replaced by a fixed one

pdfTeX warning (dest): name{Hfootnote.2} has been referenced but does not exist
, replaced by a fixed one

pdfTeX warning (dest): name{Hfootnote.1} has been referenced but does not exist
, replaced by a fixed one

pdfTeX warning (dest): name{chapter*.44} has been referenced but does not exist
, replaced by a fixed one

{/usr/share/texmf-dist/fonts/enc/dvips/cm-super/cm-super-t1.enc}{/usr/share/tex
mf-dist/fonts/enc/dvips/cm-super/cm-super-ts1.enc}</usr/share/texmf-dist/fonts/
type1/public/amsfonts/cm/cmmi10.pfb></usr/share/texmf-dist/fonts/type1/public/a
msfonts/cm/cmmi12.pfb></usr/share/texmf-dist/fonts/type1/public/amsfonts/cm/cmm
i6.pfb></usr/share/texmf-dist/fonts/type1/public/amsfonts/cm/cmmi7.pfb></usr/sh
are/texmf-dist/fonts/type1/public/amsfonts/cm/cmmi8.pfb></usr/share/texmf-dist/
fonts/type1/public/amsfonts/cm/cmr12.pfb></usr/share/texmf-dist/fonts/type1/pub
lic/amsfonts/cm/cmr8.pfb></usr/share/texmf-dist/fonts/type1/public/amsfonts/cm/
cmsy10.pfb></usr/share/texmf-dist/fonts/type1/public/amsfonts/cm/cmsy8.pfb></us
r/share/texmf-dist/fonts/type1/public/cm-super/sfbx1200.pfb></usr/share/texmf-d
ist/fonts/type1/public/cm-super/sfbx1440.pfb></usr/share/texmf-dist/fonts/type1
/public/cm-super/sfbx1728.pfb></usr/share/texmf-dist/fonts/type1/public/cm-supe
r/sfbx2488.pfb></usr/share/texmf-dist/fonts/type1/public/cm-super/sfit1200.pfb>
</usr/share/texmf-dist/fonts/type1/public/cm-super/sfrm0600.pfb></usr/share/tex
mf-dist/fonts/type1/public/cm-super/sfrm0700.pfb></usr/share/texmf-dist/fonts/t
ype1/public/cm-super/sfrm0800.pfb></usr/share/texmf-dist/fonts/type1/public/cm-
super/sfrm1000.pfb></usr/share/texmf-dist/fonts/type1/public/cm-super/sfrm1095.
pfb></usr/share/texmf-dist/fonts/type1/public/cm-super/sfrm1200.pfb></usr/share
/texmf-dist/fonts/type1/public/cm-super/sfrm2488.pfb></usr/share/texmf-dist/fon
ts/type1/public/cm-super/sfti1200.pfb></usr/share/texmf-dist/fonts/type1/public
/cm-super/sftt1200.pfb>
Output written on /run/media/slabejmilan/HDD/programming/MP_NETIO_BUTTON/Dokume
ntace/document.pdf (45 pages, 11017739 bytes).
PDF statistics:
 831 PDF objects out of 1000 (max. 8388607)
 689 compressed objects within 7 object streams
 179 named destinations out of 1000 (max. 500000)
 524 words of extra memory for PDF output out of 10000 (max. 10000000)

