\BOOKMARK [0][-]{chapter.1}{\376\377\000\332\000v\000o\000d}{}% 1
\BOOKMARK [0][-]{chapter.2}{\376\377\000T\000e\000o\000r\000e\000t\000i\000c\000k\000\375\000\040\000\372\000v\000o\000d\000\040\000d\000o\000\040\000p\000r\000o\000b\000l\000e\000m\000a\000t\000i\000k\000y}{}% 2
\BOOKMARK [1][-]{section.2.1}{\376\377\000N\000e\000t\000i\000o\000\040\000P\000o\000w\000e\000r\000C\000a\000b\000l\000e\000\040\000R\000E\000S\000T\000\040\0001\0000\0001\000E}{chapter.2}% 3
\BOOKMARK [1][-]{section.2.2}{\376\377\000P\000l\000a\000t\000f\000o\000r\000m\000a\000\040\000E\000S\000P}{chapter.2}% 4
\BOOKMARK [2][-]{subsection.2.2.1}{\376\377\000E\000S\000P\0008\0002\0006\0006}{section.2.2}% 5
\BOOKMARK [2][-]{subsection.2.2.2}{\376\377\000E\000S\000P\0003\0002}{section.2.2}% 6
\BOOKMARK [2][-]{subsection.2.2.3}{\376\377\000D\000e\000e\000p\000\040\000s\000l\000e\000e\000p}{section.2.2}% 7
\BOOKMARK [1][-]{section.2.3}{\376\377\000L\000D\000L\000N\0000\0003\0000}{chapter.2}% 8
\BOOKMARK [1][-]{section.2.4}{\376\377\000P\000o\000u\001\176\000i\000t\000\351\000\040\000p\000r\000o\000t\000o\000k\000o\000l\000y\000\040\000a\000\040\000j\000i\000n\000\351}{chapter.2}% 9
\BOOKMARK [2][-]{subsection.2.4.1}{\376\377\000H\000T\000T\000P}{section.2.4}% 10
\BOOKMARK [2][-]{subsection.2.4.2}{\376\377\000J\000S\000O\000N}{section.2.4}% 11
\BOOKMARK [2][-]{subsection.2.4.3}{\376\377\000D\000H\000C\000P}{section.2.4}% 12
\BOOKMARK [0][-]{chapter.3}{\376\377\000M\000e\000t\000o\000d\000i\000k\000a\000\040\000p\000o\000s\000t\000u\000p\000u}{}% 13
\BOOKMARK [1][-]{section.3.1}{\376\377\000T\000v\000o\000r\000b\000a\000\040\000m\001\033\001\131\000e\000c\000\355\000h\000o\000\040\000v\000z\000o\000r\000k\000u}{chapter.3}% 14
\BOOKMARK [1][-]{section.3.2}{\376\377\000M\001\033\001\131\000e\000n\000\355\000\040\000p\001\131\000i\000p\000o\000j\000e\000n\000\355\000\040\000k\000\040\000W\000i\000F\000i\000\040\000a\000\040\000o\000d\000e\000s\000l\000\341\000n\000\355\000\040\000H\000T\000T\000P\000\040\000r\000e\000q\000u\000e\000s\000t\000u}{chapter.3}% 15
\BOOKMARK [2][-]{subsection.3.2.1}{\376\377\000S\000p\000o\000t\001\131\000e\000b\000a}{section.3.2}% 16
\BOOKMARK [2][-]{subsection.3.2.2}{\376\377\000R\000e\000a\000k\001\015\000n\000\355\000\040\001\015\000a\000s}{section.3.2}% 17
\BOOKMARK [1][-]{section.3.3}{\376\377\000U\000s\000t\000\341\000l\000e\000n\000\351\000\040\000s\000t\000a\000v\000y}{chapter.3}% 18
\BOOKMARK [2][-]{subsection.3.3.1}{\376\377\000S\000p\000o\000t\001\131\000e\000b\000a}{section.3.3}% 19
\BOOKMARK [2][-]{subsection.3.3.2}{\376\377\000P\000r\000o\000b\000u\000z\000e\000n\000\355\000\040\000z\000\040\000u\000s\000t\000\341\000l\000e\000n\000\375\000c\000h\000\040\001\015\000a\000s\001\157}{section.3.3}% 20
\BOOKMARK [0][-]{chapter.4}{\376\377\000M\001\033\001\131\000e\000n\000\355\000\040\000s\000p\000o\000t\001\131\000e\000b\000y\000\040\000a\000\040\001\015\000a\000s\000u}{}% 21
\BOOKMARK [1][-]{section.4.1}{\376\377\000E\000S\000P\0008\0002\0006\0006}{chapter.4}% 22
\BOOKMARK [2][-]{subsection.4.1.1}{\376\377\000S\000p\000o\000t\001\131\000e\000b\000a\000\040\000a\000\040\000r\000e\000a\000k\001\015\000n\000\355\000\040\000d\000o\000b\000a\000\040\000u\000s\000t\000\341\000l\000e\000n\000\375\000c\000h\000\040\000s\000t\000a\000v\001\157}{section.4.1}% 23
\BOOKMARK [2][-]{subsection.4.1.2}{\376\377\000P\001\131\000i\000p\000o\000j\000e\000n\000\355\000\040\000k\000\040\000W\000i\000F\000i\000\040\000a\000\040\000o\000d\000e\000s\000l\000\341\000n\000\355\000\040\000H\000T\000T\000P\000\040\000r\000e\000q\000u\000e\000s\000t\000u}{section.4.1}% 24
\BOOKMARK [1][-]{section.4.2}{\376\377\000E\000S\000P\0003\0002}{chapter.4}% 25
\BOOKMARK [2][-]{subsection.4.2.1}{\376\377\000S\000p\000o\000t\001\131\000e\000b\000a\000\040\000a\000\040\000r\000e\000a\000k\001\015\000n\000\355\000\040\000d\000o\000b\000a\000\040\000u\000s\000t\000\341\000l\000e\000n\000\375\000c\000h\000\040\000s\000t\000a\000v\001\157}{section.4.2}% 26
\BOOKMARK [2][-]{subsection.4.2.2}{\376\377\000P\001\131\000i\000p\000o\000j\000e\000n\000\355\000\040\000k\000\040\000W\000i\000F\000i\000\040\000a\000\040\000o\000d\000e\000s\000l\000\341\000n\000\355\000\040\000H\000T\000T\000P\000\040\000r\000e\000q\000u\000e\000s\000t\000u}{section.4.2}% 27
\BOOKMARK [1][-]{section.4.3}{\376\377\000P\000o\000r\000o\000v\000n\000\341\000n\000\355\000\040\000z\000\355\000s\000k\000a\000n\000\375\000c\000h\000\040\000v\000\375\000s\000l\000e\000d\000k\001\157}{chapter.4}% 28
\BOOKMARK [2][-]{subsection.4.3.1}{\376\377\000U\000s\000t\000\341\000l\000e\000n\000\351\000\040\000s\000t\000a\000v\000y}{section.4.3}% 29
\BOOKMARK [0][-]{chapter.5}{\376\377\000V\000y\000t\000v\000o\001\131\000e\000n\000\355\000\040\000f\000u\000n\000k\001\015\000n\000\355\000c\000h\000\040\000v\000z\000o\000r\000k\001\157}{}% 30
\BOOKMARK [1][-]{section.5.1}{\376\377\000T\000v\000o\000r\000b\000a\000\040\000u\001\176\000i\000v\000a\000t\000e\000l\000s\000k\000\351\000h\000o\000\040\000r\000o\000z\000h\000r\000a\000n\000\355}{chapter.5}% 31
\BOOKMARK [1][-]{section.5.2}{\376\377\000N\000a\000s\000t\000a\000v\000e\000n\000\355\000\040\000w\000e\000b\000s\000e\000r\000v\000e\000r\000u}{chapter.5}% 32
\BOOKMARK [1][-]{section.5.3}{\376\377\000P\001\131\000i\000p\000o\000j\000e\000n\000\355\000\040\000k\000\040\000W\000i\000F\000i}{chapter.5}% 33
\BOOKMARK [1][-]{section.5.4}{\376\377\000K\000o\000n\000f\000i\000g\000u\000r\000a\000c\000e}{chapter.5}% 34
\BOOKMARK [0][-]{chapter.6}{\376\377\000Z\000\341\000v\001\033\000r}{}% 35
\BOOKMARK [0][-]{chapter*.32}{\376\377\000P\001\131\000\355\000l\000o\000h\000y}{}% 36
\BOOKMARK [0][-]{appendix.A}{\376\377\000P\001\131\000\355\000l\000o\000h\000a}{}% 37
